3999822.41995745 343046.389859187 4948842.60370102
2975663.70235966 1297500.52549186 5493031.95192168
3819026.62621833 -22062.9143534712 5110288.09263056
4436918.28489919 -284201.048507228 4579763.35108307
3799871.38491338 327300.522601859 5117353.9579308
3972283.86335264 43679.3026395121 4987175.4479935
4816028.23134664 2101.38887100822 4187985.82225369
4150534.80051447 -171781.964708269 4845288.43960433
3905132.97203146 -39941.6455612039 5040722.57474528
3958175.61617623 -45527.8343769798 4995379.63116377
3968440.58029926 -37333.5102826744 4985125.42908682
3904896.70476453 35713.3272316178 5043818.5959625
4024382.59049285 -106506.765362832 4947381.0665537
3431449.92415246 1449289.47305172 5182486.96535404
3946949.84395623 -40162.6646245939 5005503.52891896
2888922.3520495 2091615.25665038 5285730.6963193
3979748.1290109 292743.278331867 4981671.45958731
4956048.18175808 -429153.142928119 3999819.25952552
3972784.45339209 -31480.1876560272 4981411.88529118
3731486.08072028 745285.865689852 5124247.61252984
3083782.67496228 1968068.66673522 5229031.07107259
4800747.5935121 184090.470432788 4189855.82998265
3316568.54914732 1590741.89144133 5214940.05294831
3997870.30249407 -43541.945431379 4964830.3477126
3531985.06462396 744305.994296099 5254296.83140648
3266949.45040134 787763.404489502 5425141.15662381
4920256.76006467 -769963.77242292 3978011.49553318
4034092.00039986 -54287.9895537807 4938280.87538377
4845007.06037342 -280888.541401769 4145414.73441934
4274243.40657529 -94980.9462220546 4738711.1900207
4236931.92874721 1368246.74048811 4571454.00996293
4181785.7582644 275041.626693218 4812330.0147811
3888392.26396528 675346.73331167 5016140.4862767
5048865.23246184 -197576.161972059 3898154.68996324
4248891.24656049 445601.795894664 4741089.41311816
4301745.34886112 743427.047118301 4656121.20639634
4042249.13334577 436701.910802146 4914322.53051905
4327525.31997776 330097.956231309 4679009.14222523
4704988.08665895 1316400.78280478 4106548.17391119
4337353.45997906 862831.941458205 4603045.30858335
4327265.48197369 -343071.056634341 4679159.19869359
4567261.67792457 -326984.773671311 4445533.52612853
4331728.356648 386139.230177135 4667221.20110305
4081214.08259233 473078.812262836 4878012.82454884
4237765.07019253 1541666.53813797 4504915.03653097
4064723.99601791 1278483.42001607 4737521.67111257
2853396.51143081 2233089.50654957 5245074.10472852
3962776.64851795 7123.84817790739 4992623.72775998
2987803.16833226 2393082.44522725 5106062.58283943
2959783.65900552 2329036.42557855 5151035.93654482
