4424 2878 981 223645
4424 2878 981 223646
4424 2878 981 223647
4424 2878 981 223648
4424 2878 981 223649
4424 2878 981 223650
4424 2878 981 223651
4424 2878 982 223640
4424 2878 982 223641
4424 2878 982 223642
4424 2878 982 223643
4424 2878 982 223644
4424 2878 982 223645
4424 2878 982 223646
4424 2878 982 223647
4424 2878 982 223648
4424 2878 982 223649
4424 2878 982 223650
4424 2878 982 223651
4424 2878 982 223652
4424 2878 982 223653
4424 2878 982 223654
4424 2878 982 223655
4424 2878 982 223656
4424 2878 982 223657
4424 2878 982 223658
4424 2878 982 223659
4424 2878 982 223660
4424 2878 982 223661
4424 2878 982 223662
4424 2878 982 223663
4424 2878 982 223670
4424 2878 982 223671
4424 2878 982 223672
4424 2878 982 223673
4424 2878 982 223674
4424 2878 983 223637
4424 2878 983 223638
4424 2878 983 223639
4424 2878 983 223640
4424 2878 983 223641
4424 2878 983 223642
4424 2878 983 223643
4424 2878 983 223644
4424 2878 983 223645
4424 2878 983 223646
4424 2878 983 223647
4424 2878 983 223648
4424 2878 983 223649
4424 2878 983 223650
4424 2878 983 223651
4424 2878 983 223652
4424 2878 983 223653
4424 2878 983 223654
4424 2878 983 223655
4424 2878 983 223656
4424 2878 983 223657
4424 2878 983 223658
4424 2878 983 223659
4424 2878 983 223660
4424 2878 983 223661
4424 2878 983 223662
4424 2878 983 223663
4424 2878 983 223664
4424 2878 983 223665
4424 2878 983 223666
4424 2878 983 223667
4424 2878 983 223668
4424 2878 983 223669
4424 2878 983 223670
4424 2878 983 223671
4424 2878 983 223672
4424 2878 983 223673
4424 2878 983 223674
4424 2878 983 223675
4424 2878 983 223676
4424 2878 984 223635
4424 2878 984 223636
4424 2878 984 223637
4424 2878 984 223638
4424 2878 984 223639
4424 2878 984 223640
4424 2878 984 223641
4424 2878 984 223642
4424 2878 984 223643
4424 2878 984 223644
4424 2878 984 223645
4424 2878 984 223646
4424 2878 984 223647
4424 2878 984 223648
4424 2878 984 223649
4424 2878 984 223650
4424 2878 984 223651
4424 2878 984 223652
4424 2878 984 223653
4424 2878 984 223654
4424 2878 984 223655
4424 2878 984 223656
4424 2878 984 223657
4424 2878 984 223658
4424 2878 984 223659
4424 2878 984 223660
4424 2878 984 223661
4424 2878 984 223662
4424 2878 984 223663
4424 2878 984 223664
4424 2878 984 223665
4424 2878 984 223666
4424 2878 984 223667
4424 2878 984 223668
4424 2878 984 223669
4424 2878 984 223670
4424 2878 984 223671
4424 2878 984 223672
4424 2878 984 223673
4424 2878 984 223674
4424 2878 984 223675
4424 2878 984 223676
4424 2878 984 223677
4424 2878 984 223678
4424 2878 985 223632
4424 2878 985 223633
4424 2878 985 223634
4424 2878 985 223635
4424 2878 985 223636
4424 2878 985 223637
4424 2878 985 223638
4424 2878 985 223639
4424 2878 985 223640
4424 2878 985 223641
4424 2878 985 223642
4424 2878 985 223643
4424 2878 985 223644
4424 2878 985 223645
4424 2878 985 223646
4424 2878 985 223647
4424 2878 985 223648
4424 2878 985 223649
4424 2878 985 223650
4424 2878 985 223651
4424 2878 985 223652
4424 2878 985 223653
4424 2878 985 223654
4424 2878 985 223655
4424 2878 985 223656
4424 2878 985 223657
4424 2878 985 223658
4424 2878 985 223659
4424 2878 985 223660
4424 2878 985 223661
4424 2878 985 223662
4424 2878 985 223663
4424 2878 985 223664
4424 2878 985 223665
4424 2878 985 223666
4424 2878 985 223667
4424 2878 985 223668
4424 2878 985 223669
4424 2878 985 223670
4424 2878 985 223671
4424 2878 985 223672
4424 2878 985 223673
4424 2878 985 223674
4424 2878 985 223675
4424 2878 985 223676
4424 2878 985 223677
4424 2878 985 223678
4424 2878 985 223679
4424 2878 985 223680
4424 2878 986 223631
4424 2878 986 223632
4424 2878 986 223633
4424 2878 986 223634
4424 2878 986 223635
4424 2878 986 223636
4424 2878 986 223637
4424 2878 986 223638
4424 2878 986 223639
4424 2878 986 223640
4424 2878 986 223641
4424 2878 986 223642
4424 2878 986 223643
4424 2878 986 223644
4424 2878 986 223645
4424 2878 986 223646
4424 2878 986 223647
4424 2878 986 223648
4424 2878 986 223649
4424 2878 986 223650
4424 2878 986 223651
4424 2878 986 223652
4424 2878 986 223653
4424 2878 986 223654
4424 2878 986 223655
4424 2878 986 223656
4424 2878 986 223657
4424 2878 986 223658
4424 2878 986 223659
4424 2878 986 223660
4424 2878 986 223661
4424 2878 986 223662
4424 2878 986 223663
4424 2878 986 223664
4424 2878 986 223665
4424 2878 986 223666
4424 2878 986 223667
4424 2878 986 223668
4424 2878 986 223669
4424 2878 986 223670
4424 2878 986 223671
4424 2878 986 223672
4424 2878 986 223673
4424 2878 986 223674
4424 2878 986 223675
4424 2878 986 223676
4424 2878 986 223677
4424 2878 986 223678
4424 2878 986 223679
4424 2878 986 223680
4424 2878 986 223681
4424 2878 986 223682
4424 2878 987 223631
4424 2878 987 223632
4424 2878 987 223633
4424 2878 987 223634
4424 2878 987 223635
4424 2878 987 223636
4424 2878 987 223637
4424 2878 987 223638
4424 2878 987 223639
4424 2878 987 223640
4424 2878 987 223641
4424 2878 987 223642
4424 2878 987 223643
4424 2878 987 223644
4424 2878 987 223645
4424 2878 987 223646
4424 2878 987 223647
4424 2878 987 223648
4424 2878 987 223649
4424 2878 987 223650
4424 2878 987 223654
4424 2878 987 223655
4424 2878 987 223656
4424 2878 987 223657
4424 2878 987 223658
4424 2878 987 223659
4424 2878 987 223660
4424 2878 987 223661
4424 2878 987 223662
4424 2878 987 223663
4424 2878 987 223664
4424 2878 987 223665
4424 2878 987 223666
4424 2878 987 223667
4424 2878 987 223668
4424 2878 987 223669
4424 2878 987 223670
4424 2878 987 223671
4424 2878 987 223672
4424 2878 987 223673
4424 2878 987 223674
4424 2878 987 223675
4424 2878 987 223676
4424 2878 987 223677
4424 2878 987 223678
4424 2878 987 223679
4424 2878 987 223680
4424 2878 987 223681
4424 2878 987 223682
4424 2878 987 223683
4424 2878 987 223684
4424 2878 987 223685
4424 2878 987 223686
4424 2878 987 223687
4424 2878 988 223631
4424 2878 988 223632
4424 2878 988 223633
4424 2878 988 223634
4424 2878 988 223635
4424 2878 988 223636
4424 2878 988 223637
4424 2878 988 223638
4424 2878 988 223639
4424 2878 988 223640
4424 2878 988 223641
4424 2878 988 223642
4424 2878 988 223643
4424 2878 988 223644
4424 2878 988 223645
4424 2878 988 223646
4424 2878 988 223647
4424 2878 988 223648
4424 2878 988 223660
4424 2878 988 223661
4424 2878 988 223662
4424 2878 988 223663
4424 2878 988 223664
4424 2878 988 223665
4424 2878 988 223666
4424 2878 988 223667
4424 2878 988 223668
4424 2878 988 223669
4424 2878 988 223670
4424 2878 988 223671
4424 2878 988 223672
4424 2878 988 223673
4424 2878 988 223674
4424 2878 988 223675
4424 2878 988 223676
4424 2878 988 223677
4424 2878 988 223678
4424 2878 988 223679
4424 2878 988 223680
4424 2878 988 223681
4424 2878 988 223682
4424 2878 988 223683
4424 2878 988 223684
4424 2878 988 223685
4424 2878 988 223686
4424 2878 988 223687
4424 2878 988 223688
4424 2878 989 223631
4424 2878 989 223632
4424 2878 989 223633
4424 2878 989 223634
4424 2878 989 223635
4424 2878 989 223636
4424 2878 989 223637
4424 2878 989 223638
4424 2878 989 223639
4424 2878 989 223640
4424 2878 989 223641
4424 2878 989 223642
4424 2878 989 223643
4424 2878 989 223644
4424 2878 989 223645
4424 2878 989 223646
4424 2878 989 223647
4424 2878 989 223664
4424 2878 989 223665
4424 2878 989 223666
4424 2878 989 223667
4424 2878 989 223668
4424 2878 989 223669
4424 2878 989 223670
4424 2878 989 223671
4424 2878 989 223672
4424 2878 989 223673
4424 2878 989 223674
4424 2878 989 223675
4424 2878 989 223676
4424 2878 989 223677
4424 2878 989 223678
4424 2878 989 223679
4424 2878 989 223680
4424 2878 989 223681
4424 2878 989 223682
4424 2878 989 223683
4424 2878 989 223684
4424 2878 989 223685
4424 2878 989 223686
4424 2878 989 223687
4424 2878 989 223688
4424 2878 989 223689
4424 2878 990 223631
4424 2878 990 223632
4424 2878 990 223633
4424 2878 990 223634
4424 2878 990 223635
4424 2878 990 223636
4424 2878 990 223637
4424 2878 990 223638
4424 2878 990 223639
4424 2878 990 223640
4424 2878 990 223641
4424 2878 990 223642
4424 2878 990 223643
4424 2878 990 223644
4424 2878 990 223645
4424 2878 990 223666
4424 2878 990 223667
4424 2878 990 223668
4424 2878 990 223669
4424 2878 990 223670
4424 2878 990 223671
4424 2878 990 223672
4424 2878 990 223673
4424 2878 990 223674
4424 2878 990 223675
4424 2878 990 223676
4424 2878 990 223677
4424 2878 990 223678
4424 2878 990 223679
4424 2878 990 223680
4424 2878 990 223681
4424 2878 990 223682
4424 2878 990 223683
4424 2878 990 223684
4424 2878 990 223685
4424 2878 990 223686
4424 2878 990 223687
4424 2878 990 223688
4424 2878 990 223689
4424 2878 990 223690
4424 2878 991 223632
4424 2878 991 223633
4424 2878 991 223634
4424 2878 991 223635
4424 2878 991 223636
4424 2878 991 223637
4424 2878 991 223638
4424 2878 991 223639
4424 2878 991 223640
4424 2878 991 223641
4424 2878 991 223642
4424 2878 991 223643
4424 2878 991 223644
4424 2878 991 223645
4424 2878 991 223667
4424 2878 991 223668
4424 2878 991 223669
4424 2878 991 223670
4424 2878 991 223671
4424 2878 991 223672
4424 2878 991 223673
4424 2878 991 223674
4424 2878 991 223675
4424 2878 991 223676
4424 2878 991 223677
4424 2878 991 223678
4424 2878 991 223679
4424 2878 991 223680
4424 2878 991 223681
4424 2878 991 223682
4424 2878 991 223683
4424 2878 991 223684
4424 2878 991 223685
4424 2878 991 223686
4424 2878 991 223687
4424 2878 991 223688
4424 2878 991 223689
4424 2878 991 223690
4424 2878 992 223633
4424 2878 992 223634
4424 2878 992 223635
4424 2878 992 223636
4424 2878 992 223637
4424 2878 992 223638
4424 2878 992 223639
4424 2878 992 223640
4424 2878 992 223641
4424 2878 992 223642
4424 2878 992 223643
4424 2878 992 223644
4424 2878 992 223667
4424 2878 992 223668
4424 2878 992 223669
4424 2878 992 223670
4424 2878 992 223671
4424 2878 992 223672
4424 2878 992 223673
4424 2878 992 223674
4424 2878 992 223675
4424 2878 992 223676
4424 2878 992 223677
4424 2878 992 223678
4424 2878 992 223679
4424 2878 992 223680
4424 2878 992 223681
4424 2878 992 223682
4424 2878 992 223683
4424 2878 992 223684
4424 2878 992 223685
4424 2878 992 223686
4424 2878 992 223687
4424 2878 992 223688
4424 2878 992 223689
4424 2878 992 223690
4424 2878 993 223633
4424 2878 993 223634
4424 2878 993 223635
4424 2878 993 223636
4424 2878 993 223637
4424 2878 993 223638
4424 2878 993 223639
4424 2878 993 223640
4424 2878 993 223641
4424 2878 993 223642
4424 2878 993 223643
4424 2878 993 223644
4424 2878 993 223666
4424 2878 993 223667
4424 2878 993 223668
4424 2878 993 223669
4424 2878 993 223670
4424 2878 993 223671
4424 2878 993 223672
4424 2878 993 223673
4424 2878 993 223674
4424 2878 993 223675
4424 2878 993 223676
4424 2878 993 223677
4424 2878 993 223678
4424 2878 993 223679
4424 2878 993 223680
4424 2878 993 223681
4424 2878 993 223682
4424 2878 993 223683
4424 2878 993 223684
4424 2878 993 223685
4424 2878 993 223686
4424 2878 993 223687
4424 2878 993 223688
4424 2878 993 223689
4424 2878 993 223690
4424 2878 994 223634
4424 2878 994 223635
4424 2878 994 223636
4424 2878 994 223637
4424 2878 994 223638
4424 2878 994 223639
4424 2878 994 223640
4424 2878 994 223641
4424 2878 994 223642
4424 2878 994 223643
4424 2878 994 223644
4424 2878 994 223664
4424 2878 994 223665
4424 2878 994 223666
4424 2878 994 223667
4424 2878 994 223668
4424 2878 994 223669
4424 2878 994 223670
4424 2878 994 223671
4424 2878 994 223672
4424 2878 994 223673
4424 2878 994 223674
4424 2878 994 223675
4424 2878 994 223676
4424 2878 994 223677
4424 2878 994 223678
4424 2878 994 223679
4424 2878 994 223680
4424 2878 994 223681
4424 2878 994 223682
4424 2878 994 223683
4424 2878 994 223684
4424 2878 994 223685
4424 2878 994 223686
4424 2878 994 223687
4424 2878 994 223688
4424 2878 994 223689
4424 2878 994 223690
4424 2878 995 223635
4424 2878 995 223636
4424 2878 995 223637
4424 2878 995 223638
4424 2878 995 223639
4424 2878 995 223640
4424 2878 995 223641
4424 2878 995 223642
4424 2878 995 223643
4424 2878 995 223644
4424 2878 995 223645
4424 2878 995 223661
4424 2878 995 223662
4424 2878 995 223663
4424 2878 995 223664
4424 2878 995 223665
4424 2878 995 223666
4424 2878 995 223667
4424 2878 995 223668
4424 2878 995 223669
4424 2878 995 223670
4424 2878 995 223671
4424 2878 995 223672
4424 2878 995 223673
4424 2878 995 223674
4424 2878 995 223675
4424 2878 995 223676
4424 2878 995 223677
4424 2878 995 223678
4424 2878 995 223679
4424 2878 995 223680
4424 2878 995 223681
4424 2878 995 223682
4424 2878 995 223683
4424 2878 995 223684
4424 2878 995 223685
4424 2878 995 223686
4424 2878 995 223687
4424 2878 995 223688
4424 2878 995 223689
4424 2878 996 223636
4424 2878 996 223637
4424 2878 996 223638
4424 2878 996 223639
4424 2878 996 223640
4424 2878 996 223641
4424 2878 996 223642
4424 2878 996 223643
4424 2878 996 223644
4424 2878 996 223645
4424 2878 996 223646
4424 2878 996 223659
4424 2878 996 223660
4424 2878 996 223661
4424 2878 996 223662
4424 2878 996 223663
4424 2878 996 223664
4424 2878 996 223665
4424 2878 996 223666
4424 2878 996 223667
4424 2878 996 223668
4424 2878 996 223669
4424 2878 996 223670
4424 2878 996 223671
4424 2878 996 223672
4424 2878 996 223673
4424 2878 996 223674
4424 2878 996 223675
4424 2878 996 223676
4424 2878 996 223677
4424 2878 996 223678
4424 2878 996 223679
4424 2878 996 223680
4424 2878 996 223681
4424 2878 996 223682
4424 2878 996 223683
4424 2878 996 223684
4424 2878 996 223685
4424 2878 996 223686
4424 2878 996 223687
4424 2878 996 223688
4424 2878 996 223689
4424 2878 997 223638
4424 2878 997 223639
4424 2878 997 223640
4424 2878 997 223641
4424 2878 997 223642
4424 2878 997 223643
4424 2878 997 223644
4424 2878 997 223645
4424 2878 997 223646
4424 2878 997 223647
4424 2878 997 223648
4424 2878 997 223655
4424 2878 997 223656
4424 2878 997 223657
4424 2878 997 223658
4424 2878 997 223659
4424 2878 997 223660
4424 2878 997 223661
4424 2878 997 223662
4424 2878 997 223663
4424 2878 997 223664
4424 2878 997 223665
4424 2878 997 223666
4424 2878 997 223667
4424 2878 997 223668
4424 2878 997 223669
4424 2878 997 223670
4424 2878 997 223671
4424 2878 997 223672
4424 2878 997 223673
4424 2878 997 223674
4424 2878 997 223675
4424 2878 997 223676
4424 2878 997 223677
4424 2878 997 223678
4424 2878 997 223679
4424 2878 997 223680
4424 2878 997 223681
4424 2878 997 223682
4424 2878 997 223683
4424 2878 997 223684
4424 2878 997 223685
4424 2878 997 223686
4424 2878 997 223687
4424 2878 997 223688
4424 2878 998 223639
4424 2878 998 223640
4424 2878 998 223641
4424 2878 998 223642
4424 2878 998 223643
4424 2878 998 223644
4424 2878 998 223645
4424 2878 998 223646
4424 2878 998 223647
4424 2878 998 223648
4424 2878 998 223649
4424 2878 998 223650
4424 2878 998 223651
4424 2878 998 223652
4424 2878 998 223653
4424 2878 998 223654
4424 2878 998 223655
4424 2878 998 223656
4424 2878 998 223657
4424 2878 998 223658
4424 2878 998 223659
4424 2878 998 223660
4424 2878 998 223661
4424 2878 998 223662
4424 2878 998 223663
4424 2878 998 223664
4424 2878 998 223665
4424 2878 998 223666
4424 2878 998 223667
4424 2878 998 223668
4424 2878 998 223669
4424 2878 998 223670
4424 2878 998 223671
4424 2878 998 223672
4424 2878 998 223673
4424 2878 998 223674
4424 2878 998 223675
4424 2878 998 223676
4424 2878 998 223677
4424 2878 998 223678
4424 2878 998 223679
4424 2878 998 223680
4424 2878 998 223681
4424 2878 998 223682
4424 2878 998 223683
4424 2878 998 223684
4424 2878 998 223685
4424 2878 998 223686
4424 2878 998 223687
4424 2878 998 223688
4424 2878 999 223640
4424 2878 999 223641
4424 2878 999 223642
4424 2878 999 223643
4424 2878 999 223644
4424 2878 999 223645
4424 2878 999 223646
4424 2878 999 223647
4424 2878 999 223648
4424 2878 999 223649
4424 2878 999 223650
4424 2878 999 223651
4424 2878 999 223652
4424 2878 999 223653
4424 2878 999 223654
4424 2878 999 223655
4424 2878 999 223656
4424 2878 999 223657
4424 2878 999 223658
4424 2878 999 223659
4424 2878 999 223660
4424 2878 999 223661
4424 2878 999 223662
4424 2878 999 223663
4424 2878 999 223664
4424 2878 999 223665
4424 2878 999 223666
4424 2878 999 223667
4424 2878 999 223668
4424 2878 999 223669
4424 2878 999 223670
4424 2878 999 223671
4424 2878 999 223674
4424 2878 999 223675
4424 2878 999 223676
4424 2878 999 223677
4424 2878 999 223678
4424 2878 999 223679
4424 2878 999 223680
4424 2878 999 223681
4424 2878 999 223682
4424 2878 999 223683
4424 2878 999 223684
4424 2878 999 223685
4424 2878 999 223686
4424 2878 999 223687
4424 2878 1000 223642
4424 2878 1000 223643
4424 2878 1000 223644
4424 2878 1000 223645
4424 2878 1000 223646
4424 2878 1000 223647
4424 2878 1000 223648
4424 2878 1000 223649
4424 2878 1000 223650
4424 2878 1000 223651
4424 2878 1000 223652
4424 2878 1000 223653
4424 2878 1000 223654
4424 2878 1000 223655
4424 2878 1000 223656
4424 2878 1000 223657
4424 2878 1000 223658
4424 2878 1000 223659
4424 2878 1000 223660
4424 2878 1000 223661
4424 2878 1000 223662
4424 2878 1000 223663
4424 2878 1000 223664
4424 2878 1000 223665
4424 2878 1000 223666
4424 2878 1000 223667
4424 2878 1000 223676
4424 2878 1000 223677
4424 2878 1000 223678
4424 2878 1000 223679
4424 2878 1000 223680
4424 2878 1000 223681
4424 2878 1000 223682
4424 2878 1000 223683
4424 2878 1000 223684
4424 2878 1000 223685
4424 2878 1000 223686
4424 2878 1000 223687
4424 2878 1001 223643
4424 2878 1001 223644
4424 2878 1001 223645
4424 2878 1001 223646
4424 2878 1001 223647
4424 2878 1001 223648
4424 2878 1001 223649
4424 2878 1001 223650
4424 2878 1001 223651
4424 2878 1001 223652
4424 2878 1001 223653
4424 2878 1001 223654
4424 2878 1001 223655
4424 2878 1001 223656
4424 2878 1001 223657
4424 2878 1001 223658
4424 2878 1001 223659
4424 2878 1001 223660
4424 2878 1001 223661
4424 2878 1001 223662
4424 2878 1001 223663
4424 2878 1001 223678
4424 2878 1001 223679
4424 2878 1001 223680
4424 2878 1001 223681
4424 2878 1001 223682
4424 2878 1001 223683
4424 2878 1001 223684
4424 2878 1001 223685
4424 2878 1001 223686
4424 2878 1002 223645
4424 2878 1002 223646
4424 2878 1002 223647
4424 2878 1002 223648
4424 2878 1002 223649
4424 2878 1002 223650
4424 2878 1002 223651
4424 2878 1002 223652
4424 2878 1002 223653
4424 2878 1002 223654
4424 2878 1002 223655
4424 2878 1002 223656
4424 2878 1002 223657
4424 2878 1002 223658
4424 2878 1002 223659
4424 2878 1002 223660
4424 2878 1002 223661
4424 2878 1002 223662
4424 2878 1002 223680
4424 2878 1002 223681
4424 2878 1002 223682
4424 2878 1002 223683
4424 2878 1002 223684
4424 2878 1002 223685
4424 2878 1003 223648
4424 2878 1003 223649
4424 2878 1003 223650
4424 2878 1003 223651
4424 2878 1003 223652
4424 2878 1003 223653
4424 2878 1003 223654
4424 2878 1003 223655
4424 2878 1003 223656
4424 2878 1003 223657
4424 2878 1003 223658
4424 2878 1003 223659
4424 2878 1003 223660
4424 2878 1003 223682
4424 2878 1003 223683
4424 2878 1004 223650
4424 2878 1004 223651
4424 2878 1004 223652
4424 2878 1004 223653
4424 2878 1004 223654
4424 2878 1004 223655
4424 2878 1004 223656
4424 2878 1004 223657
4424 2878 1004 223658
4424 2878 1005 223654
