45.2433157894737 7.9313157894737 10977.0526315789000
51.2565333333333 3.9261333333333 4997.8666666666700
47.2452500000000 -1.0509166666667 10363.0000000000000
52.2236666666667 4.7983333333333 1229.0000000000000
51.2435714285714 0.1164285714286 3640.7142857142900
55.5510000000000 12.5090000000000 1158.0000000000000
53.2770000000000 38.4930000000000 10668.0000000000000
60.3118181818182 24.8004545454545 1671.5454545454500
50.8672000000000 0.8720000000000 5993.2000000000000
38.3824409221902 31.7056512968300 9002.6657060518700
55.9430909090909 37.2284545454545 1410.1818181818200
52.0173157894737 -2.6286315789474 9188.9473684210500
52.6861176470588 -2.5218823529412 9916.9411764705900
53.5276666666667 -5.9800000000000 10668.0000000000000
42.3111333333333 28.6876666666667 11277.0000000000000
42.6608666666667 22.6254666666667 12195.2666666667000
43.3242000000000 8.1726000000000 11262.0000000000000
37.7685454545455 -4.5690909090909 11277.0000000000000
51.4012631578947 0.0237894736842 1947.0000000000000
52.5082000000000 -8.9480000000000 3424.2000000000000
51.9228181818182 3.5243636363636 9716.6363636363600
46.3616000000000 1.0198000000000 11590.0000000000000
56.5194285714286 24.1881428571429 11277.0000000000000
55.6080000000000 6.1588181818182 11285.0000000000000
49.2110000000000 16.1910000000000 6374.0000000000000
51.1776500000000 0.0282000000000 1109.0500000000000
43.7867500000000 39.5681875000000 6647.0000000000000
51.4115000000000 -0.0100000000000 1702.5000000000000
55.5716000000000 11.9670000000000 3336.8000000000000
55.5897500000000 12.0132500000000 3288.5625000000000
45.0299818913481 39.1783983903421 25.7303822937626
51.4760000000000 -0.6624666666667 957.2666666666670
42.9546363636364 9.2676363636364 10980.0000000000000
53.4224545454545 -6.3034545454546 692.1818181818180
57.7717000000000 16.3032000000000 12189.6000000000000
57.5345555555556 11.0073333333333 11269.0000000000000
51.1895714285714 0.1162857142857 1367.5714285714300
50.9552222222222 -0.1560000000000 2162.4444444444400
45.3273333333333 13.1319333333333 11277.0000000000000
51.8205000000000 2.7450000000000 7315.0000000000000
46.1490833333333 39.9676666666667 10972.0000000000000
34.4544285714286 -10.3421428571429 11277.0000000000000
51.1893636363636 0.0497272727273 3636.0909090909100
46.2131428571429 6.0720714285714 488.6428571428570
53.5922727272727 -2.6134545454546 7627.0000000000000
55.9330000000000 5.0610000000000 11887.0000000000000
38.5800000000000 -9.0550000000000 2286.0000000000000
52.2294117647059 9.6897058823529 10972.0000000000000
51.2160000000000 0.2660000000000 3817.0000000000000
54.9272222222222 32.1293333333333 10668.0000000000000
48.9132727272727 3.5639090909091 10972.0000000000000
46.0375000000000 17.5940000000000 11290.8333333333000
52.6894210526316 -0.1302105263158 12192.0000000000000
48.8340000000000 -3.0170000000000 11269.0000000000000
45.9447441860465 -5.3786046511628 11585.3488372093000
55.7064000000000 12.7936000000000 844.2000000000000
38.7843333333333 26.5794666666667 10351.2666666667000
49.0852666666667 3.7484666666667 11589.4666666667000
53.8710000000000 6.2460000000000 11894.0000000000000
52.3929000000000 13.5924000000000 454.7000000000000
51.1215500000000 0.3552500000000 4112.8500000000000
46.2760000000000 8.9227000000000 11583.1000000000000
51.6253333333333 -0.0421111111111 2350.6111111111100
51.1818000000000 0.0572000000000 1051.0000000000000
53.4045000000000 -6.4990000000000 2872.0000000000000
37.8442000000000 -4.0496000000000 10278.8000000000000
47.5482727272727 -2.1409090909091 10970.0909090909000
57.8915454545455 20.6127272727273 11582.0000000000000
38.7770000000000 -9.1328000000000 7232.0000000000000
52.3983750000000 13.6163750000000 1140.8750000000000
56.3675000000000 16.4331666666667 10379.3333333333000
55.2128235294118 10.9674705882353 7707.4117647058800
56.7788888888889 23.2717777777778 5141.4444444444400
51.3051538461538 3.0030769230769 10300.2307692308000
55.9740000000000 -4.1953846153846 1145.1538461538500
55.2513571428571 12.6182142857143 3283.9285714285700
49.7787272727273 15.0974545454545 10370.0000000000000
42.6651176470588 1.1986470588235 10363.0000000000000
51.4756926406926 -0.4428874458874 41.9047619047619
43.1086666666667 -4.0730000000000 10652.0000000000000
43.3988333333333 -3.0100000000000 2319.5000000000000
55.7100666666667 12.9293333333333 1385.2666666666700
49.5432666666667 2.1155333333333 11593.2666666667000
41.4697272727273 1.7020000000000 5195.1818181818200
46.0528000000000 -1.9928000000000 12192.0000000000000
41.5892500000000 -5.5218750000000 5181.0000000000000
55.0890909090909 12.4488181818182 4839.8181818181800
46.8128571428571 6.1423571428571 10970.5000000000000
59.1676875000000 18.1590625000000 2818.0000000000000
58.0160000000000 18.6354000000000 13106.0000000000000
54.4095000000000 37.9951000000000 10675.0000000000000
50.5770000000000 3.7410000000000 10066.0000000000000
49.6319333333333 10.6757333333333 10972.0000000000000
50.4927272727273 -1.2560000000000 6852.6363636363600
48.2500909090909 0.4062727272727 11582.0000000000000
48.0212000000000 5.3916000000000 8243.5333333333300
39.2041111111111 -8.9390000000000 4731.4444444444400
37.7832727272727 -4.7264545454546 11277.0000000000000
48.7006000000000 -1.9054000000000 10219.4000000000000
51.3454615384615 -0.0690769230769 2430.6153846153800
52.5132000000000 7.1750000000000 8337.6000000000000
50.2546000000000 19.0312000000000 10363.0000000000000
55.0450000000000 29.3470000000000 10050.0000000000000
54.0200000000000 -4.0188000000000 8398.4500000000000
51.4778235294118 -0.3518235294118 347.2352941176470
48.9783125000000 3.8100625000000 11277.0000000000000
53.5358333333333 -3.5740000000000 8839.0000000000000
33.8075000000000 35.4076250000000 998.6250000000000
57.7463846153846 20.3445384615385 11569.3076923077000
37.3425934065934 31.0143956043956 5969.8571428571400
39.6935714285714 24.2612857142857 10363.0000000000000
43.3058823529412 10.7227647058824 9448.0000000000000
49.7846000000000 2.2648000000000 9753.0000000000000
51.5741000000000 -0.6495000000000 1931.6000000000000
53.5926923076923 38.6508461538462 10058.0000000000000
53.2552000000000 1.6802000000000 10628.2000000000000
51.4650000000000 -0.0828823529412 1361.7058823529400
52.8237272727273 3.8303636363636 11888.9090909091000
53.9475000000000 27.9235000000000 10046.5000000000000
52.3176000000000 10.9458000000000 11582.0000000000000
45.8311666666667 9.3748333333333 10959.5000000000000
47.1976666666667 7.7430000000000 6364.6666666666700
40.6865714285714 -6.6998571428571 8526.0000000000000
41.4032857142857 2.3917142857143 1297.4285714285700
51.4732500000000 -0.0717500000000 1405.1250000000000
55.7741428571429 12.5905714285714 1838.2857142857100
48.0310000000000 40.3830000000000 10668.0000000000000
47.8489230769231 -0.3605384615385 11590.0000000000000
55.0444666666667 -3.5912000000000 9145.0000000000000
33.3081428571429 -7.5676428571429 324.3928571428570
57.8026666666667 14.8762500000000 11578.6666666667000
46.1983181818182 40.4080909090909 10319.2272727273000
52.8585714285714 11.0332857142857 10668.0000000000000
44.6846363636364 -0.9270909090909 10979.2727272727000
49.7133333333333 19.7728888888889 10668.0000000000000
53.4602666666667 -0.2098666666667 11582.0000000000000
46.2512000000000 0.4012000000000 10042.4000000000000
52.8965000000000 -5.1970000000000 4045.5000000000000
49.9110000000000 6.8124000000000 10972.0000000000000
54.6092000000000 8.7160000000000 11887.0000000000000
50.6447058823529 5.0904117647059 11582.0000000000000
51.1737272727273 0.2767272727273 4622.1818181818200
57.9870000000000 19.0327000000000 11285.0000000000000
41.4462222222222 -6.6897777777778 11272.5555555556000
58.3962222222222 20.2502222222222 7315.0000000000000
47.8811818181818 3.1740000000000 8531.8181818181800
55.4201538461538 13.7726923076923 10376.7692307692000
51.3676000000000 -0.3944000000000 2441.2000000000000
51.6588181818182 -0.4792727272727 2743.0000000000000
47.2950476190476 -0.9940952380952 11582.0000000000000
54.1364285714286 38.2551428571429 10538.2380952381000
38.9958000000000 -9.1512000000000 3501.8000000000000
50.9557000000000 40.5219000000000 10058.0000000000000
51.2475000000000 -0.3200000000000 2548.0000000000000
57.8327272727273 27.5696363636364 11887.0000000000000
39.2875000000000 -4.6860000000000 11582.0000000000000
51.1795882352941 0.0412352941176 1154.0588235294100
53.6250000000000 0.3925000000000 10668.0000000000000
46.1788181818182 6.0201818181818 1794.6363636363600
43.8541333333333 1.2718666666667 9448.0000000000000
48.2817500000000 1.4967500000000 10370.0000000000000
55.9876086956522 37.3746521739130 113.0000000000000
51.7053636363636 -4.6471818181818 10973.4545454545000
54.4005000000000 8.7100000000000 11277.0000000000000
52.1798333333333 5.2510000000000 8553.3333333333300
52.3294642857143 4.7182857142857 0.0000000000000
45.3980000000000 -3.0130000000000 11277.0000000000000
41.1622000000000 10.9270000000000 9968.2000000000000
39.7353333333333 -0.1290000000000 11887.0000000000000
42.5306666666667 1.2623333333333 10428.6666666667000
45.4007777777778 -0.4846666666667 10972.0000000000000
55.6734000000000 34.2290000000000 10550.4000000000000
50.2208571428571 20.0994285714286 10660.0000000000000
59.7124000000000 18.2250000000000 1976.4000000000000
45.6547000000000 10.7111000000000 10363.0000000000000
53.2946666666667 8.1806666666667 9283.0000000000000
42.9778000000000 0.9754000000000 10370.0000000000000
55.6045384615385 34.6937692307692 8100.4615384615400
53.1665000000000 -0.4042500000000 11277.0000000000000
56.2778571428571 37.6234285714286 1595.5714285714300
51.8213846153846 -7.2928461538462 10265.9230769231000
51.4650000000000 -0.0656190476190 1276.1904761904800
51.6600000000000 -0.5150000000000 3055.0000000000000
46.3895000000000 5.7320000000000 11871.0000000000000
45.6483846153846 19.1425384615385 10668.0000000000000
47.4036363636364 8.9793636363636 5798.2727272727300
39.6581176470588 -4.5524117647059 10668.0000000000000
41.3530000000000 -0.4591538461538 10858.3846153846000
43.7867000000000 1.2988000000000 10988.0000000000000
40.3195000000000 -3.8033000000000 3016.6000000000000
48.0248902439024 4.3347317073171 9753.0000000000000
48.5107857142857 4.7395714285714 11582.0000000000000
47.5708000000000 21.9030000000000 10668.0000000000000
51.8487692307692 6.2943076923077 10660.0000000000000
53.0618750000000 39.5178750000000 10363.0000000000000
56.3623076923077 33.3259230769231 10972.0000000000000
50.0296666666667 10.8296666666667 11582.0000000000000
49.1975714285714 8.2916428571429 7353.2142857142900
51.7850000000000 1.7760000000000 7315.0000000000000
51.4876153846154 -0.1027692307692 5704.1538461538500
45.5904615384615 12.1391538461538 6327.1538461538500
41.8440909090909 12.6501818181818 5439.4545454545500
48.3162222222222 16.6478888888889 3474.2222222222200
50.7617894736842 0.6239473684211 3930.6842105263200
48.5823125000000 10.3819375000000 12192.0000000000000
43.2872857142857 24.1098571428571 10972.0000000000000
55.6026923076923 12.6202307692308 121.8461538461540
52.6298888888889 13.6140000000000 1744.0000000000000
52.3535764705882 9.9965058823529 12193.5647058824000
50.9722941176471 8.9941764705882 10363.0000000000000
51.1137500000000 0.3669166666667 3990.0833333333300
40.4870000000000 -3.5897200000000 136.3600000000000
54.8786538461538 26.4628461538462 11277.0000000000000
35.7948571428571 25.3558571428571 2647.2857142857100
58.1067692307692 20.9924615384615 7315.0000000000000
50.0498750000000 5.2546250000000 10347.0000000000000
48.2263333333333 -1.1706666666667 12192.0000000000000
47.1349333333333 -1.0098000000000 11582.5333333333000
50.7290000000000 -1.1828000000000 5420.6000000000000
56.2515000000000 36.0242000000000 4664.2000000000000
53.3500000000000 7.9797500000000 9235.2500000000000
47.2399000000000 3.8377000000000 11262.0000000000000
52.5626000000000 -1.8604000000000 5791.0000000000000
52.1880000000000 -1.3993333333333 11277.0000000000000
50.9611538461538 -0.9329230769231 4207.7692307692300
40.8720000000000 0.1573000000000 9448.0000000000000
56.4732941176471 13.3534705882353 10972.0000000000000
55.6120000000000 16.0130000000000 11590.0000000000000
43.2352500000000 19.1971250000000 10965.0000000000000
40.6245000000000 -2.6454000000000 5231.8000000000000
52.8980000000000 -5.1580000000000 4716.0000000000000
55.6167168141593 12.6461415929204 3433.4070796460200
41.1387777777778 -3.1824444444444 10363.0000000000000
43.7188181818182 -2.8394090909091 6284.3636363636400
50.6435714285714 1.1169285714286 8062.7857142857100
52.9022500000000 24.2915000000000 10675.0000000000000
37.9992000000000 -3.7361000000000 10945.4000000000000
45.1668000000000 17.5682000000000 11575.6000000000000
54.2096000000000 14.9670000000000 11184.2000000000000
46.2497642585551 6.1273422053232 378.9581749049430
47.3590769230769 -0.3320769230769 12192.0000000000000
46.1449166666667 6.1764166666667 3040.0000000000000
48.9920000000000 12.2240000000000 11574.0000000000000
59.1170000000000 20.8944117647059 11855.2352941176000
44.2751875000000 0.2430625000000 10972.0000000000000
59.7606250000000 17.9575000000000 758.3750000000000
52.4623157894737 25.2080000000000 10668.0000000000000
42.0988095238095 36.7980000000000 10668.0000000000000
48.3946470588235 9.4620000000000 8117.7647058823500
55.6101794871795 12.6282564102564 195.5641025641030
53.3814000000000 -6.0092000000000 4823.0000000000000
59.6649682539683 17.9240476190476 155.6190476190480
54.6987333333333 8.9524666666667 11738.4666666667000
54.0400909090909 -6.2709090909091 3879.7272727272700
51.5346666666667 0.0273333333333 1884.3333333333300
49.9453913043478 -1.6955652173913 9512.7391304347800
40.3979090909091 -8.6448181818182 11130.4545454545000
49.9500000000000 9.3730000000000 2133.0000000000000
39.7415555555556 -0.2042777777778 2479.8333333333300
41.4954000000000 -5.2023000000000 10363.0000000000000
42.1502500000000 -4.0176250000000 11887.0000000000000
50.4353571428571 1.5061428571429 8531.1428571428600
55.2894285714286 11.1362857142857 7068.4285714285700
50.2116666666667 9.2368888888889 7010.0000000000000
53.4311250000000 9.4000000000000 10357.5000000000000
47.6843846153846 3.2964615384615 10451.2307692308000
55.7653529411765 36.2998235294118 3954.0000000000000
55.9020000000000 36.2980000000000 4945.0000000000000
47.0054117647059 -4.6898235294118 11582.0000000000000
44.7752000000000 -2.9626000000000 10355.0000000000000
54.8975000000000 26.5518750000000 10668.0000000000000
41.5306470588235 -3.0935882352941 10972.0000000000000
49.9744285714286 -1.3612857142857 8409.0000000000000
55.3547142857143 12.7475714285714 2159.8571428571400
47.4476363636364 -3.2570909090909 10965.0000000000000
53.4812857142857 -3.7112857142857 10596.4285714286000
51.0405454545455 0.2812727272727 1966.7272727272700
43.5672142857143 21.8250714285714 8735.0000000000000
40.2110000000000 -2.1360000000000 10069.5000000000000
56.8340000000000 13.2087826086957 11573.0000000000000
56.2895000000000 37.0631666666667 3039.6666666666700
55.9550000000000 -3.3542608695652 85.3043478260870
55.6233953488372 12.6637209302326 80.5813953488372
53.3841250000000 -5.9025000000000 1311.2500000000000
34.8362500000000 32.5548333333333 9752.3333333333300
57.3920000000000 11.5914444444444 11277.0000000000000
52.5312727272727 -2.2090000000000 8721.2727272727300
52.8537000000000 14.5863000000000 7711.4000000000000
52.9788000000000 7.3360000000000 11475.0000000000000
42.3990434782609 1.9983478260870 11292.0000000000000
53.3353075910487 -2.8510000000000 2759.2496709082900
56.1858571428571 13.6162857142857 7903.2857142857100
42.2518000000000 -3.4668000000000 11277.0000000000000
54.6600000000000 37.3280000000000 9250.0000000000000
40.6372000000000 -3.6806000000000 2568.8000000000000
51.1782307692308 0.1187692307692 1268.6923076923100
51.8135000000000 5.0385000000000 11277.0000000000000
59.1846666666667 32.5816666666667 11887.0000000000000
54.6915555555556 28.7014444444444 10972.0000000000000
52.4066363636364 13.6520000000000 676.8181818181820
45.5215384615385 39.2399230769231 11277.0000000000000
33.3118888888889 -7.5679629629630 405.8888888888890
47.2200000000000 7.5477333333333 2743.1333333333300
46.2202304737516 6.0822355953905 1171.1805377720900
41.9671764705882 12.0742941176471 2968.8823529411800
48.1250000000000 10.8420000000000 11582.0000000000000
50.6328823529412 36.6208823529412 736.8235294117650
43.5906666666667 0.7586666666667 10668.0000000000000
52.3250000000000 13.2980000000000 1744.0000000000000
47.5240000000000 -4.0630000000000 11582.0000000000000
51.9800000000000 0.1165000000000 2735.2500000000000
40.3854545454545 -2.4983636363636 11885.5454545455000
56.8243157894737 9.2621052631579 11575.2631578947000
52.1466000000000 6.7874000000000 7799.4000000000000
52.4118888888889 -7.8865555555556 6589.5555555555600
47.3935500000000 16.3071500000000 5203.8000000000000
52.3920000000000 13.0587500000000 11582.0000000000000
38.0024615384615 -3.4950769230769 11105.5384615385000
47.8165000000000 5.8805000000000 11498.0000000000000
47.2851250000000 0.6380000000000 10363.0000000000000
59.2420000000000 15.6643636363636 7138.2727272727300
55.4967058823529 13.0566470588235 1499.0588235294100
42.9024285714286 23.3172857142857 3305.2857142857100
47.1235500000000 28.1828500000000 6833.7000000000000
50.9100588235294 4.5729411764706 356.5294117647060
50.1128888888889 -1.4732222222222 8923.4444444444500
38.2469000000000 -7.5597000000000 11567.0000000000000
41.5768333333333 11.6718333333333 4693.6666666666700
57.0225555555556 14.5167777777778 10860.0000000000000
51.5585714285714 14.4292857142857 6711.8571428571400
53.2266000000000 -0.4409000000000 8798.8000000000000
49.8371250000000 2.7255000000000 7021.3750000000000
47.8886428571429 40.3787857142857 10353.2857142857000
51.1781111111111 0.2684444444444 3464.1111111111100
40.7464000000000 0.2276000000000 8822.0000000000000
45.7420000000000 16.0794269662921 25.7865168539326
51.4199375000000 -2.0812500000000 5425.7500000000000
56.0232142857143 15.9941428571429 11285.0000000000000
52.5101428571429 38.8757142857143 10668.0000000000000
56.6744117647059 25.7288235294118 8300.8823529411800
50.7836000000000 0.5854000000000 3761.2000000000000
55.7445000000000 13.0693125000000 1670.8750000000000
50.8525000000000 -0.1780625000000 3530.3125000000000
51.6945294117647 -0.7168823529412 3048.0000000000000
47.1380000000000 8.0653333333333 11579.3333333333000
43.3382000000000 0.8477000000000 10988.0000000000000
50.5667500000000 14.3622500000000 11277.0000000000000
59.7918000000000 22.4690000000000 8305.6000000000000
56.2298947368421 4.8557368421053 12184.0000000000000
51.1444000000000 0.3342000000000 1942.0500000000000
51.8353333333333 0.1320000000000 4088.6666666666700
43.4684000000000 12.7486000000000 9565.8000000000000
55.7867200000000 12.7902000000000 985.8400000000000
46.2603600000000 6.1414000000000 550.8400000000000
54.7720000000000 9.9980000000000 10805.0000000000000
49.7086666666667 3.4873333333333 10972.0000000000000
59.5912222222222 31.0417777777778 10668.0000000000000
47.4716688311688 8.5068701298701 6733.1103896103900
47.4059285714286 -2.2858571428571 10972.0000000000000
53.1428235294118 -2.1548823529412 10972.0000000000000
44.5633333333333 -3.9383333333333 11279.6666666667000
52.2708461538462 2.4733846153846 11597.9230769231000
45.8100000000000 16.3490000000000 10668.0000000000000
37.1972000000000 24.9649333333333 11277.0000000000000
38.6750000000000 -9.1940000000000 1828.0000000000000
56.2200000000000 37.8373333333333 3545.3333333333300
39.0346250000000 -8.7625000000000 1913.2500000000000
50.9863333333333 -0.2440000000000 3601.0000000000000
51.5770909090909 -0.0920909090909 1829.0909090909100
53.4196666666667 -4.6406666666667 7124.3333333333300
48.7478095238095 2.5166666666667 786.9523809523810
59.1022727272727 20.0993636363636 7315.0000000000000
51.3760000000000 -0.0588571428571 2147.5714285714300
51.6905714285714 0.7672857142857 4404.8571428571400
44.0030000000000 6.8028000000000 7022.4000000000000
47.9000000000000 2.4073529411765 11292.0000000000000
55.6055000000000 35.2866250000000 5637.8750000000000
42.9234166666667 -2.9108333333333 11582.0000000000000
43.1285555555556 6.4492222222222 10972.0000000000000
51.6616666666667 2.5883333333333 9865.0000000000000
51.1746666666667 0.0070000000000 908.6666666666670
45.6742000000000 19.3944000000000 11571.2000000000000
55.1480000000000 30.7962000000000 9448.0000000000000
49.6376000000000 -4.7562000000000 11277.0000000000000
49.9626190476191 12.3585238095238 11577.8095238095000
51.5250000000000 13.9170000000000 7989.8000000000000
32.2458235294118 34.1391764705882 6031.0588235294100
50.2506666666667 40.5406666666667 10972.0000000000000
43.0605454545455 6.4170000000000 9144.0000000000000
34.4802500000000 -6.2417500000000 11182.3750000000000
45.6852857142857 -0.2954285714286 10363.0000000000000
37.5035454545455 -4.1425454545455 10668.0000000000000
46.3490000000000 -0.4358000000000 11582.0000000000000
35.4926666666667 -5.9570000000000 10972.0000000000000
60.0608000000000 21.9369333333333 11246.0000000000000
52.0968000000000 37.1242000000000 10058.0000000000000
44.5722857142857 -4.2091428571429 11277.0000000000000
46.1857692307692 -4.5669230769231 10675.0000000000000
52.2511818181818 8.6503636363636 8534.0000000000000
44.0258571428571 -3.1518571428571 10355.0000000000000
51.1797500000000 0.0419375000000 968.3750000000000
51.2516363636364 -0.0230000000000 2787.9090909090900
39.3902000000000 -0.7202000000000 11277.0000000000000
51.8954000000000 23.9365000000000 10675.0000000000000
53.4202000000000 -6.2576000000000 320.0000000000000
48.1735000000000 18.2750000000000 3207.5000000000000
45.8883972602740 -4.8500273972603 11277.0000000000000
46.2223333333333 18.9040000000000 11582.0000000000000
37.7100000000000 31.2630000000000 8907.0000000000000
56.0434117647059 37.6869411764706 1002.3529411764700
40.2920000000000 -2.9250000000000 10972.0000000000000
52.3065000000000 -1.6503333333333 6421.0000000000000
34.5870000000000 -7.7761538461539 8760.0000000000000
41.1547272727273 1.9402727272727 1990.0000000000000
53.8265294117647 6.4954705882353 11887.0000000000000
42.6330000000000 23.4680000000000 2377.0000000000000
55.7729000000000 11.1389000000000 12192.0000000000000
44.4284545454545 8.7449090909091 11582.0000000000000
43.1765000000000 38.1211666666667 10668.0000000000000
52.2124545454545 3.0295454545455 11181.2727272727000
56.4698947368421 37.3337894736842 2438.0000000000000
44.0072000000000 -3.9856000000000 11277.0000000000000
38.9753529411765 32.2190588235294 10668.0000000000000
45.7698181818182 -0.4097272727273 10972.0000000000000
55.5208181818182 32.5776363636364 10980.0000000000000
35.8262727272727 28.4975454545455 11582.0000000000000
50.1898000000000 1.6834000000000 9684.8000000000000
43.0921538461538 -2.1011538461539 8534.0000000000000
51.9710000000000 -0.0250000000000 5516.3333333333300
49.7637500000000 -1.6323333333333 10034.7500000000000
48.3760000000000 -1.3460000000000 11574.0000000000000
46.2257600000000 -2.9182000000000 7620.0000000000000
41.4680000000000 -8.8483333333333 10972.0000000000000
55.3796470588235 -0.1817647058824 10972.0000000000000
48.9607142857143 40.4158571428571 10363.0000000000000
56.6691250000000 29.3723750000000 9753.0000000000000
33.9587272727273 34.3511636363636 9933.4545454545400
55.6935000000000 34.0870000000000 11690.7500000000000
42.6469200000000 4.5990400000000 11277.0000000000000
52.2090000000000 10.6450000000000 10363.0000000000000
57.9480000000000 15.9820000000000 6400.0000000000000
48.0503157894737 17.3972105263158 1130.0000000000000
47.5630000000000 -1.7375000000000 11582.0000000000000
50.5360000000000 11.3290000000000 7414.0000000000000
51.0283846153846 0.0480769230769 2207.2307692307700
59.0346000000000 22.8502000000000 9276.4000000000000
49.0979230769231 -2.3233076923077 10363.0000000000000
45.1590000000000 39.6515000000000 10972.0000000000000
51.7080000000000 1.9870000000000 8001.0000000000000
49.6668800000000 -1.6860000000000 10678.8400000000000
44.9690000000000 0.3606666666667 11582.0000000000000
51.6287500000000 3.9260000000000 4548.7500000000000
44.2380000000000 0.0940000000000 10972.0000000000000
37.7813571428571 -4.1967857142857 6096.0000000000000
44.7391428571429 39.5262857142857 10378.0000000000000
44.0006000000000 24.0424000000000 11887.0000000000000
48.9678461538462 11.4120000000000 11582.0000000000000
51.2514285714286 18.8000714285714 11277.0000000000000
33.8653750000000 -6.7235000000000 5791.0000000000000
49.9706000000000 41.0126000000000 10972.0000000000000
52.1714482758621 20.9458965517241 292.3448275862070
48.5540000000000 2.0120000000000 3352.0000000000000
42.3224117647059 12.0012352941176 5515.2352941176500
50.8958235294118 0.7561176470588 6461.3529411764700
55.7333333333333 12.4130000000000 2443.3333333333300
42.3136000000000 -2.5084000000000 10972.0000000000000
44.9183529411765 12.7427647058824 10063.6470588235000
49.5087500000000 5.8882500000000 10972.0000000000000
53.1775454545455 11.1909090909091 11282.8181818182000
46.2748260869565 6.1631195652174 702.7608695652170
51.7659583333333 1.3753750000000 6083.5416666666700
55.9468181818182 37.2498181818182 1358.2727272727300
40.1042222222222 0.3358888888889 10427.3333333333000
38.7653481481481 -9.1340000000000 15.0000000000000
44.0962000000000 1.7053333333333 11277.0000000000000
41.2047500000000 -3.1430000000000 11582.0000000000000
50.0193333333333 40.5155000000000 10972.0000000000000
47.8022222222222 16.1844444444444 9753.0000000000000
47.6445428571429 7.4908857142857 360.4571428571430
54.7243333333333 -5.6483333333333 1960.0000000000000
49.3482500000000 17.6072500000000 10668.0000000000000
40.9649090909091 0.7082727272727 8296.2727272727300
53.6845454545455 28.2819090909091 9448.0000000000000
52.1822307692308 20.8793076923077 895.6153846153850
51.3250000000000 0.0475714285714 2743.0000000000000
52.0980833333333 4.4062500000000 2133.0000000000000
52.0038181818182 0.9041818181818 6920.5454545454600
51.7267142857143 1.2870000000000 6702.7142857142900
54.1050000000000 11.4760000000000 10664.0000000000000
46.1081562500000 -3.7725937500000 12192.0000000000000
55.4066000000000 12.5236000000000 3222.8000000000000
48.6204615384615 -1.9867692307692 10363.0000000000000
49.2091578947368 18.9503684210526 10064.3157894737000
51.4645762711864 -0.4422542372881 214.9491525423730
42.9730000000000 9.5090000000000 10972.0000000000000
53.4217692307692 -6.2819230769231 427.6923076923080
48.4670000000000 9.0372857142857 11594.0000000000000
51.7558571428571 -0.0838571428571 3317.4285714285700
40.9730000000000 -0.4824000000000 6977.6000000000000
51.6480000000000 -0.1303200000000 2748.0400000000000
