3914232.19238026 321120.6954316 5027724.48618861
3068615.11849362 1014490.94182705 5494019.34827493
3155938.51942346 1002335.28813234 5449967.22323024
3906191.38978491 748255.214063144 4986450.16020642
4731568.43717562 -353277.065862273 4268584.42899051
4618559.19705705 70619.0432954674 4404246.08744025
3950555.16658124 373715.678888467 4999080.2607955
3184252.14295393 1118229.76067879 5412301.05700436
3926808.04623973 211637.285150235 5024877.81687576
3878948.08662483 345299.79639496 5043528.66714567
4275562.88956369 154610.847478984 4735118.15327259
3891363.95659911 -94559.2270435555 5047602.03582912
3756535.14572196 882816.809921995 5073392.61178354
5389044.14408481 -1222976.10561584 3188164.59076361
4266102.58627321 -269895.502745995 4739302.14754446
3956821.80352175 -209030.262220622 4994570.35024755
4075400.83632427 -249476.379742009 4903561.99846675
4749200.51373546 -716383.885661954 4203016.57306127
3714664.79009751 -304095.648772303 5174970.09213933
3907862.8915512 -60366.2915304199 5043311.50001316
4390935.15982096 91363.6224427536 4630023.4250344
3867083.88899382 -300203.85277524 5063805.76553636
3489929.01978733 802570.511938328 5270700.00230921
3522576.29249627 779646.417911731 5251772.16958901
4103642.71314736 558991.911448506 4856839.60827786
3958163.70242783 503752.627199536 4980447.75673798
3846251.2068378 -550896.016128258 5056007.99806743
3922116.90296922 923535.938936878 4949498.97198334
3961391.46363385 14934.1647335046 4993948.14375125
4891808.04166496 -696730.035508938 4030211.8940476
3962946.65416361 -202557.201659797 4994691.3024039
3891617.96348548 -14195.6662212856 5058514.38804583
3824875.4732133 -41123.6935127377 5109021.05701006
3743147.90773256 500174.009062537 5145485.66106443
3650967.80915802 622038.464098994 5197213.35034624
3626293.82127033 717367.813245045 5200809.12172959
3696092.9673113 1283717.11970234 5038559.94454527
3132223.33942596 960666.257184315 5473536.04639294
3145690.38310981 1565642.30110236 5326489.3532174
4949496.28930955 -710676.311023943 3966708.79316649
3977874.27389245 -16732.0064746996 4979653.42578256
3406411.75736339 689575.807160761 5350790.67299208
5247513.74541661 -678180.588382853 3557520.19201584
5271755.42096072 -703589.647913171 3508503.11741698
3988605.46854178 282408.413614228 4973243.90927476
3061077.13512044 1978556.99412658 5234683.57193018
2921250.94312766 2098899.82269889 5266427.19994175
4180243.30507885 1199139.24077859 4669597.04538812
4673122.30048714 -287048.421082799 4328992.50791032
4031973.78299461 661272.684831148 4889904.91161293
4689313.55117271 95361.3569621875 4327462.43110328
4513237.1597897 -8822.34625359581 4513088.24336773
5091871.67527785 -189113.214311008 3826138.47041323
4284389.05167174 546942.906415717 4689324.07424161
4803585.07366941 135183.131683516 4191354.9489339
4726436.00257484 705021.299663441 4229498.2661108
4696552.46564972 -198978.882771346 4316522.78464908
4407092.53787084 16691.345531709 4613403.75670323
5073407.05402106 -407305.443199684 3838591.36163167
3930516.18098405 -9604.0819262878 5015491.67331398
3978286.00441531 -15969.9493349085 4978917.3993666
4792642.47918657 -250668.489181892 4207742.43056199
3058376.7232176 1984008.81605678 5235683.95747974
4575086.37737559 585595.124186976 4396639.95540057
4003010.40515375 29413.9939299766 4962005.085854
4397023.60654567 386081.696180326 4609413.29630341
4326251.76382499 312917.839079739 4680525.58352284
4240745.77853953 -115417.833733344 4757791.8722391
3972530.85494718 203394.652704388 4986033.64017622
4256921.15862811 454482.763318755 4733848.17379544
4115505.68551597 160403.754569383 4875294.08891708
4636668.65242435 919346.649770845 4282814.86596158
4612157.49439934 752129.168617352 4347361.93869879
3879772.41146607 337184.523643762 5043125.30298454
4602177.87204594 972096.251450793 4306092.24060226
2918860.02557667 2100737.17245602 5266734.4988917
3860566.28223834 323230.861794201 5059022.07929084
3954463.19908751 147837.217018735 5003531.06435113
3912605.66264101 592145.078017985 5007039.81849881
3838825.82928804 970516.83316456 5005105.387274
3582671.98848298 -190518.845611713 5268107.34846683
4797353.78287678 -645729.063914224 4158151.55997269
4107451.30508886 1011395.60931545 4779453.27032886
3983478.78161849 -7717.26472169831 4975584.09337733
4333785.64018859 534118.336489892 4651069.05771355
4004074.52377394 1364268.00828728 4772200.33417546
3367950.10141648 2841406.06088296 4615746.68383299
2866689.02706454 2270399.47874875 5226612.43308189
3333380.19295844 2817024.39167362 4656448.93397234
3550775.39905934 2967435.18218894 4380133.7355677
2991565.93090782 1861723.60406837 5321098.11146819
3379788.23332993 1104228.06049739 5300477.79685744
3877918.58157181 354351.388784567 5044163.7423068
2866679.65255918 2111336.8896028 5289676.27211104
3095826.9015268 2574863.4638104 4950930.18978679
3279215.18974204 2787674.36736594 4712650.95945212
2879360.29059266 2190071.68657538 5253047.65514982
3066192.88769986 2515016.38474247 4999892.95540622
2920931.61851517 2292444.10302153 5190235.54154377
3383238.2292457 2815708.02793215 4620733.04225995
