48.4330588235294 3.9047647058824 10980.0000000000000
38.4285000000000 -8.9752857142857 2898.7857142857100
46.9015000000000 19.0365000000000 11887.0000000000000
41.0313750000000 -8.3432500000000 1741.8750000000000
47.8873913043478 -2.1429565217391 8839.0000000000000
49.0638095238095 -2.2156666666667 11586.9523809524000
52.4563333333333 3.5293333333333 10382.6666666667000
56.6080000000000 36.8970000000000 4857.5000000000000
43.9636000000000 20.5270000000000 10668.0000000000000
48.5642000000000 3.9250000000000 10972.0000000000000
45.3983750000000 1.0923750000000 11587.5000000000000
41.1150000000000 22.0436250000000 8360.0000000000000
52.1176666666667 -1.3283333333333 5356.1666666666700
50.1131111111111 1.5491111111111 10524.4444444444000
52.0861666666667 6.4546666666667 10363.0000000000000
44.4640000000000 17.5090000000000 10972.0000000000000
39.2180000000000 -9.1740000000000 2705.0000000000000
45.0458181818182 5.8265454545455 11576.1818181818000
52.7022500000000 39.6977500000000 10185.5000000000000
47.9087272727273 8.5989090909091 3040.7272727272700
54.4925000000000 9.2147142857143 10660.0000000000000
54.7924444444444 11.2157777777778 11277.0000000000000
35.9970000000000 33.6790000000000 10363.0000000000000
38.9578235294118 -1.3728235294118 10058.0000000000000
47.8554000000000 -2.1842000000000 11285.0000000000000
55.0447500000000 9.3582500000000 12192.0000000000000
51.1921315789474 -3.6678552631579 3031.7368421052600
55.3112000000000 15.4640000000000 10668.0000000000000
54.4857857142857 9.2966428571429 11277.0000000000000
46.9305833333333 29.1025833333333 668.9166666666670
41.1176000000000 -1.8666000000000 8420.8000000000000
37.7958811881188 31.6161683168317 11887.0000000000000
47.4170000000000 8.3910000000000 2209.0000000000000
52.4832222222222 38.8875555555556 10668.0000000000000
59.3729230769231 21.3173846153846 10972.0000000000000
51.1772000000000 0.1518000000000 1450.6000000000000
56.1075000000000 30.7535000000000 10066.0000000000000
46.1297368421053 5.9510526315790 1219.2105263157900
55.8636153846154 12.7493076923077 1206.6923076923100
47.2808571428571 7.6892857142857 2397.8571428571400
52.7635000000000 38.8359285714286 10666.2857142857000
51.1834210526316 0.2048947368421 1569.7894736842100
48.2106363636364 2.8990909090909 8223.9090909090900
52.5237272727273 -1.7776363636364 8072.1818181818200
44.6089285714286 6.2064285714286 10713.0714285714000
40.7273571428571 -7.2619285714286 5791.0000000000000
47.6001666666667 7.5210833333333 130.0000000000000
51.4350000000000 0.0460000000000 1935.0000000000000
48.8795000000000 40.4111000000000 10667.2000000000000
41.8932857142857 -3.4911428571429 10147.5714285714000
