47.4680000000000 8.3148571428571 3121.1428571428600
47.3855000000000 -3.7163750000000 11590.0000000000000
56.0496666666667 36.1813333333333 3972.3333333333300
56.8837325581395 23.9594651162791 923.6046511627910
51.4536666666667 2.7060000000000 6705.0000000000000
51.4680000000000 -0.4843813059620 0.0000000000000
48.1789230769231 0.3683846153846 11574.0000000000000
42.5110000000000 1.5490000000000 10119.0000000000000
42.5110000000000 -3.2594736842105 11887.0000000000000
48.3787777777778 40.3952222222222 11277.0000000000000
36.9395588235294 30.7983529411765 567.2058823529410
47.3862000000000 -1.3386000000000 10361.4000000000000
50.9286818181818 4.6524090909091 666.2272727272730
42.9720000000000 -2.1530000000000 11582.0000000000000
51.1575000000000 -0.1162500000000 340.5000000000000
54.6651111111111 8.8392222222222 11886.1111111111000
53.0190000000000 7.1694000000000 10725.6000000000000
46.3513333333333 5.7413333333333 5539.3333333333300
53.1758235294118 8.1457647058824 9888.7058823529400
38.8436000000000 32.0058000000000 10363.0000000000000
56.0118181818182 36.7090909090909 4252.0909090909100
54.0000000000000 3.8612941176471 10974.8235294118000
53.0712666666667 6.9445333333333 11229.2666666667000
52.6845714285714 2.4264285714286 10668.0000000000000
48.5413571428571 5.8414285714286 11582.0000000000000
55.5061818181818 19.7901818181818 11582.0000000000000
48.2095454545455 16.5389090909091 793.5454545454550
51.8547500000000 1.9872500000000 5848.0000000000000
47.2310000000000 40.4000000000000 10370.0000000000000
54.8995294117647 32.0101764705882 8843.5294117647100
48.5336428571429 3.2677142857143 11574.0000000000000
44.3706363636364 -0.8617272727273 9921.4545454545500
41.7024545454546 1.7175454545455 8285.2727272727300
52.4700000000000 5.4133333333333 2298.3333333333300
52.2844000000000 -3.6462000000000 9744.0666666666700
43.6920000000000 1.3180000000000 10363.0000000000000
48.9468181818182 18.2493636363636 11277.0000000000000
38.5522222222222 -9.5953333333333 4585.5555555555600
49.3934000000000 40.4522000000000 11277.0000000000000
59.6541473684211 17.9210210526316 81.6842105263158
50.9527500000000 4.7576250000000 962.2500000000000
51.4975000000000 3.7680000000000 6132.4166666666700
51.5410000000000 10.9530000000000 11277.0000000000000
59.7233684210526 17.9853157894737 656.3684210526320
51.6590000000000 0.3630000000000 4145.0000000000000
53.8487142857143 4.9922857142857 11587.7142857143000
43.4793076923077 0.5572307692308 11574.0000000000000
45.1898947368421 17.6281052631579 11277.0000000000000
51.1518947368421 -0.1627368421053 186.4736842105260
44.4597000000000 0.2138000000000 11590.0000000000000
53.4087500000000 9.1473750000000 5280.3750000000000
40.3283181818182 30.0323181818182 11574.0000000000000
40.3765000000000 -0.1473571428571 9914.4285714285700
51.4650000000000 -0.3560000000000 617.0000000000000
53.4200000000000 -6.2501923076923 4.2307692307692
56.0860000000000 16.6010000000000 7315.0000000000000
46.6979714285714 -4.3977142857143 11277.0000000000000
49.7510000000000 2.0130000000000 10942.0000000000000
52.8368000000000 8.3330000000000 10972.0000000000000
52.3567500000000 4.5682500000000 12184.0000000000000
49.6012727272727 6.1020000000000 2152.7272727272700
55.4451578947368 7.9073684210526 12496.0000000000000
51.4424117647059 -0.3668235294118 861.0588235294120
50.6353333333333 7.9663333333333 5539.3333333333300
51.8537500000000 -0.4045000000000 7893.7500000000000
34.2914000000000 34.0998000000000 8837.6000000000000
54.3869473684211 3.7553157894737 11887.0000000000000
51.8850000000000 -8.2400000000000 2590.0000000000000
41.0530000000000 -6.2076666666667 10363.0000000000000
52.9871111111111 25.5961111111111 10972.0000000000000
57.7060000000000 12.5984000000000 10058.0000000000000
43.3647500000000 -3.0712500000000 2643.7500000000000
48.9269454660748 -8.4509410272670 11867.5878249841000
40.5019154929578 -3.5590563380282 457.0000000000000
54.4164117647059 11.9182941176471 7976.0000000000000
45.3357142857143 1.0768571428571 10980.0000000000000
41.7970000000000 12.1698333333333 1025.6666666666700
43.6417777777778 1.3317777777778 10972.0000000000000
40.3950909090909 -2.8724545454546 11271.9090909091000
51.1684615384615 -0.0407692307692 743.2307692307690
51.6574000000000 0.3392000000000 4100.5000000000000
43.2360000000000 -2.2840000000000 12192.0000000000000
39.6570000000000 -0.4020000000000 4305.0000000000000
55.7733529411765 12.8365882352941 1063.3529411764700
45.1237000000000 9.8091000000000 9753.0000000000000
51.7521000000000 -0.5866500000000 2743.0000000000000
55.0814545454545 13.3565454545455 10668.0000000000000
57.2494545454545 -1.9912727272727 2229.4545454545500
56.9546666666667 14.2561666666667 10866.5000000000000
40.1222857142857 24.5089774436090 10972.0000000000000
60.3300000000000 24.9464680851064 141.4893617021280
40.8047500000000 -2.9188500000000 4437.0000000000000
48.2280000000000 4.8506818181818 8227.1818181818200
51.5840000000000 0.3230000000000 3048.0000000000000
51.7985333333333 -0.5178000000000 6030.2666666666700
55.6183636363636 10.3456363636364 11277.0000000000000
50.0479444444444 -6.3072222222222 11277.0000000000000
50.7742500000000 25.1240000000000 11277.0000000000000
40.4035454545455 0.6699090909091 9098.5454545454500
50.2947058823529 -0.2570000000000 6471.2352941176500
53.8087142857143 39.1311428571429 10363.0000000000000
53.6675555555556 38.5613333333333 10668.0000000000000
43.7711666666667 21.8095000000000 11887.0000000000000
50.3434761904762 0.1856666666667 11277.0000000000000
49.6490909090909 2.6460909090909 11574.0000000000000
52.3740000000000 13.5115000000000 277.5000000000000
48.4550833333333 2.9977500000000 2377.2500000000000
56.1528750000000 30.3382500000000 11277.0000000000000
43.6560000000000 -1.4916666666667 11590.0000000000000
55.6781250000000 11.5900000000000 11567.0000000000000
53.3490000000000 -2.2730000000000 82.0000000000000
55.3087857142857 12.7098571428571 10058.0000000000000
50.3325000000000 1.3780000000000 8842.5000000000000
54.3810000000000 8.9200000000000 9761.0000000000000
59.7187777777778 22.1733333333333 9829.5555555555500
51.4655533661741 -0.4340000000000 0.0000000000000
47.8587142857143 -2.1548571428571 10363.0000000000000
48.9980000000000 -2.1120000000000 9761.0000000000000
52.1532307692308 2.3716923076923 8734.6923076923100
43.6335263157895 14.5023157894737 10980.0000000000000
49.7092631578947 2.0126842105263 11269.0000000000000
55.7030000000000 34.0180000000000 10058.0000000000000
52.3230000000000 4.9506923076923 722.1538461538460
51.6700000000000 4.5700000000000 5577.0000000000000
48.6296000000000 -1.9785000000000 10363.0000000000000
46.3382000000000 -3.4360000000000 10668.0000000000000
53.5400869565217 -0.9683478260870 494.0000000000000
51.7330000000000 -0.5712000000000 4204.4000000000000
50.6902000000000 6.0808666666667 10973.0666666667000
51.4780000000000 -0.3281875000000 559.2500000000000
43.4907000000000 9.7981500000000 10973.2000000000000
46.5230500000000 -0.8545500000000 10980.0000000000000
53.5130000000000 -2.1120000000000 10355.0000000000000
47.4495714285714 -0.5251428571429 10363.0000000000000
36.8764237288136 30.7888644067797 124.1694915254240
54.0834705882353 8.4946470588235 11582.0000000000000
52.4588000000000 5.1982000000000 2194.4000000000000
55.7196666666667 13.3360000000000 1722.0000000000000
47.1930000000000 17.9387500000000 11582.0000000000000
44.5902727272727 1.2036363636364 10977.0909090909000
55.4026923076923 11.2835384615385 5470.2307692307700
54.1790000000000 -4.4066666666667 6639.0000000000000
51.5947500000000 8.8487500000000 10967.6250000000000
42.2626666666667 -2.5121111111111 10972.0000000000000
33.5624444444444 31.8592222222222 10364.5555555556000
47.3496428571429 4.7325714285714 8534.0000000000000
52.4906000000000 -8.4704000000000 5813.8000000000000
44.9210000000000 5.9344000000000 10774.6000000000000
33.2242307692308 -7.0750769230769 2414.6153846153800
50.9496666666667 4.8603333333333 1029.8888888888900
46.7204848484848 40.1566784511785 12192.0000000000000
47.5927647058824 4.0959411764706 10972.0000000000000
39.3315454545455 -6.9346363636364 11723.8181818182000
52.1828750000000 -1.3745625000000 5617.3125000000000
33.1498461538462 32.1387692307692 10966.0769230769000
52.1573000000000 -1.2042000000000 5026.4000000000000
41.1522941176471 -8.5147058823529 11582.0000000000000
57.1420909090909 15.1012727272727 11290.0909090909000
51.5980000000000 -0.5710000000000 1920.0000000000000
48.1171550561798 16.5706898876405 6180.7640449438200
55.9338000000000 37.6412000000000 1229.2000000000000
41.7420000000000 3.5798181818182 9148.4545454545500
49.7251250000000 2.3053125000000 11582.0000000000000
43.3966666666667 22.1081666666667 7824.1666666666700
46.3640000000000 6.2945000000000 1636.5000000000000
54.5930000000000 30.8210000000000 10058.0000000000000
50.9924285714286 -0.2880000000000 4233.1428571428600
51.2583333333333 3.5676666666667 6926.0000000000000
56.2056923076923 16.2227692307692 10972.0000000000000
52.3830000000000 13.5520000000000 320.0000000000000
40.6430000000000 -1.8652000000000 6169.8000000000000
58.1997692307692 13.3799230769231 10909.3076923077000
49.8551666666667 1.9235000000000 9144.0000000000000
51.2058571428571 1.1069285714286 4123.6428571428600
51.6862631578947 -4.9295789473684 11582.0000000000000
49.6360909090909 6.2350000000000 441.0000000000000
51.4806363636364 8.7886363636364 11373.9090909091000
47.0758181818182 10.8590909090909 11583.4545454545000
56.1410000000000 33.7834000000000 10666.4000000000000
51.1107142857143 -0.4110000000000 1668.0000000000000
55.5215555555556 11.6113333333333 4248.3333333333300
43.7940000000000 7.5840769230769 10976.3076923077000
56.2444444444444 37.4821666666667 2281.7222222222200
54.1542000000000 -4.4858000000000 6776.6000000000000
51.9604375000000 -4.9580625000000 10060.5000000000000
56.4175789473684 37.0406315789474 2706.1052631578900
52.2228000000000 19.2924000000000 8564.4000000000000
51.7327142857143 5.0642857142857 11277.0000000000000
53.3550833333333 5.7056666666667 10668.0000000000000
53.4745555555556 -5.7883333333333 5435.5555555555600
55.7246363636364 12.8110000000000 816.9090909090910
52.4642500000000 -1.7878333333333 7605.3333333333300
46.0560000000000 19.3436000000000 10363.0000000000000
43.8710000000000 7.0770000000000 5006.0000000000000
47.5191250000000 8.4212500000000 2089.1250000000000
45.2495000000000 -0.2620000000000 11586.0000000000000
51.3212857142857 0.0514285714286 2743.0000000000000
49.1610000000000 13.5537272727273 10668.0000000000000
46.8129166666667 4.7688333333333 11574.0000000000000
55.6137272727273 12.6469090909091 13.0909090909091
53.2458000000000 6.4583000000000 10668.0000000000000
51.1241818181818 39.6158181818182 10668.0000000000000
40.0586000000000 29.7494000000000 10363.0000000000000
33.6059000000000 34.3068000000000 9910.5000000000000
42.4354000000000 10.6157000000000 10972.0000000000000
39.6510000000000 -0.3450000000000 10670.3333333333000
55.7014117647059 -3.9246470588235 3657.0000000000000
54.7180909090909 10.1668181818182 9687.2727272727300
46.2905333333333 11.5152000000000 8965.1333333333300
52.3333865979381 4.7278092783505 350.0000000000000
41.5568000000000 -7.9126000000000 3920.6000000000000
49.3327272727273 1.6266363636364 8823.0000000000000
56.5440000000000 36.3825000000000 4690.0000000000000
55.6717500000000 12.8724375000000 4951.3125000000000
50.5216000000000 5.2216000000000 9515.2000000000000
40.5583636363636 -3.2968181818182 3681.0909090909100
51.3878571428571 -0.0483571428571 2173.7142857142900
52.3746666666667 2.8853333333333 10668.0000000000000
55.5505555555556 6.6684444444444 11585.5555555556000
47.6343076923077 16.1616923076923 10668.0000000000000
49.5978181818182 -1.6590000000000 10060.1818181818000
50.3351818181818 6.8726363636364 6513.9090909090900
52.2817857142857 -1.9396428571429 7650.7857142857100
50.7482000000000 -0.6564666666667 3731.0666666666700
41.2100909090909 2.0307272727273 1090.5454545454500
51.8344500000000 3.3875500000000 11552.8500000000000
51.3837000000000 0.4542000000000 5494.2000000000000
31.7550000000000 -7.8380000000000 3309.0000000000000
56.8055000000000 24.1625000000000 2521.5000000000000
48.0551333333333 14.0576000000000 8526.0000000000000
51.1710000000000 -0.0215000000000 895.0000000000000
50.2167777777778 20.1148888888889 10058.0000000000000
55.4700000000000 12.8070000000000 2049.0000000000000
55.5068695652174 4.6466956521739 10972.0000000000000
44.6950000000000 1.1065000000000 11582.0000000000000
51.6496363636364 0.1851818181818 3115.6363636363600
38.6280000000000 -9.2170000000000 952.0000000000000
43.7470909090909 11.0997727272727 633.3750000000000
39.0085000000000 25.4555000000000 10972.0000000000000
53.7717272727273 -3.2124545454546 10972.0000000000000
48.4743333333333 8.7271666666667 6810.8333333333300
51.5417142857143 -3.2642142857143 9024.6428571428600
47.7741666666667 6.2530000000000 10253.5000000000000
42.7512500000000 -1.5958750000000 11277.0000000000000
47.1726666666667 17.9007777777778 10966.5555555556000
52.8207142857143 3.7647142857143 11162.8571428571000
52.5418000000000 -7.3785200000000 5779.9600000000000
55.6158750000000 12.6420000000000 0.0000000000000
46.1896000000000 6.0388000000000 642.4000000000000
46.1069411764706 -1.9541176470588 11582.0000000000000
51.4780000000000 -0.2358666666667 918.5333333333330
52.5444761904762 8.9150000000000 10668.0000000000000
37.1265000000000 -4.5025000000000 5131.5000000000000
55.6746000000000 35.7517333333333 6757.0000000000000
51.0079000000000 -1.1676000000000 4959.8000000000000
52.0185714285714 -0.2887142857143 1678.4285714285700
53.6835000000000 -3.8930000000000 8854.0000000000000
53.2960000000000 7.3965000000000 11277.0000000000000
42.8830000000000 1.9025833333333 11042.5833333333000
56.7572500000000 25.2997500000000 3979.0000000000000
51.9340000000000 2.0103000000000 5479.8000000000000
55.8562068965517 -4.4605862068966 874.3004926108370
42.5551333333333 -1.8215333333333 11277.0000000000000
46.8913333333333 5.3561111111111 8384.8888888888900
50.6384117647059 -0.9442941176471 4964.9411764705900
45.9178000000000 11.3860000000000 11277.0000000000000
48.5494285714286 2.7767142857143 11283.8571428571000
60.2197500000000 24.2452500000000 4328.8750000000000
40.5216923076923 8.5542307692308 11285.0000000000000
40.4452727272727 -3.3059090909091 10974.9090909091000
40.0093000000000 0.2388000000000 11277.0000000000000
52.4117894736842 3.0819473684211 10675.0000000000000
51.6968333333333 0.8509444444444 4116.6111111111100
53.0500000000000 -1.3999230769231 10355.0000000000000
47.7963636363636 3.6983636363636 11590.0000000000000
42.9337894736842 -2.1538421052632 10363.0000000000000
51.4650000000000 -0.2523333333333 1027.0666666666700
49.1141176470588 40.4294117647059 10668.0000000000000
48.7307500000000 2.5187500000000 8228.0000000000000
51.6466363636364 0.0715454545455 2672.4545454545500
51.4660689655172 -0.4342758620690 0.0000000000000
37.0968571428571 -5.1027142857143 4876.0000000000000
51.6460000000000 0.2456666666667 3423.8888888888900
52.5901428571429 -8.4490000000000 4143.8571428571400
49.4534545454545 6.3633636363636 10961.3636363636000
45.5015000000000 16.0871666666667 10972.0000000000000
48.3668461538462 16.7016923076923 3997.0769230769200
45.4605714285714 0.9948571428571 9753.0000000000000
51.4650000000000 -0.3201428571429 365.7142857142860
48.1470000000000 18.1350000000000 3078.0000000000000
56.2840000000000 12.0327142857143 10668.0000000000000
51.9818181818182 9.5761818181818 9444.1818181818200
38.0224545454545 -4.2441818181818 9374.4545454545500
53.7623750000000 -3.4088750000000 10980.0000000000000
48.3136000000000 40.3927000000000 10063.6000000000000
45.6390625000000 -2.5110625000000 11582.0000000000000
55.6360769230769 12.6842307692308 192.5384615384620
42.6230000000000 1.4813333333333 9306.3333333333300
57.2000000000000 -2.1960000000000 381.0000000000000
48.7335000000000 2.4365000000000 188.8750000000000
52.4020000000000 38.9270000000000 10668.0000000000000
59.3360000000000 18.0625000000000 2689.5000000000000
52.1201111111111 5.4077777777778 10972.0000000000000
42.3067857142857 -3.0100714285714 11582.0000000000000
41.8200000000000 26.6090000000000 11887.0000000000000
56.1501904761905 30.3582857142857 11277.0000000000000
56.5940000000000 -6.1932500000000 10980.0000000000000
39.4965000000000 -5.4385000000000 5486.0000000000000
40.7890588235294 -2.9257058823529 10980.0000000000000
32.7772380952381 34.0341111111111 7156.9682539682500
39.3073846153846 -9.1277692307692 3595.2307692307700
44.0030000000000 0.8050000000000 11277.0000000000000
54.2510000000000 11.3672500000000 10957.0000000000000
47.0872500000000 4.2168750000000 8846.0000000000000
39.9033076923077 -0.1920000000000 4178.8461538461500
52.5041052631579 15.7942105263158 7156.0000000000000
52.6092307692308 5.8590000000000 11597.0000000000000
39.6186000000000 -3.8731000000000 7563.5000000000000
39.8254736842105 -8.7049473684211 6374.9473684210500
51.0995333333333 0.2767333333333 4265.4666666666700
51.6824166666667 -3.5460833333333 9499.7500000000000
51.1972000000000 -0.2798000000000 1761.2000000000000
40.4736310160428 -3.5727700534759 445.8609625668450
51.7160833333333 1.8683333333333 7224.8333333333300
48.7286666666667 2.4110000000000 220.3333333333330
36.5826715176715 33.4753492723493 9902.6465696465700
54.3440000000000 37.5250000000000 10370.0000000000000
48.3220000000000 -2.8590000000000 10965.0000000000000
45.0318181818182 39.1770000000000 27.6363636363636
56.0407142857143 37.6470000000000 1007.5714285714300
36.8150000000000 -4.2800000000000 6096.0000000000000
56.5911818181818 -3.1180909090909 7171.7272727272700
47.2412307692308 8.1907692307692 10363.0000000000000
44.6091666666667 11.5677500000000 11589.3333333333000
57.9034000000000 14.9467000000000 11594.9000000000000
50.3038000000000 19.0554000000000 10988.0000000000000
51.4780000000000 -0.2993809523810 661.0476190476190
42.0225000000000 35.0952500000000 10364.7500000000000
52.0981111111111 1.5242222222222 9643.0000000000000
46.2475000000000 20.2818750000000 11574.0000000000000
47.1752380952381 5.6883809523810 10972.0000000000000
50.2316666666667 8.4420000000000 11285.0000000000000
55.5393333333333 11.8920000000000 3921.0000000000000
39.7418333333333 -1.0643333333333 6249.0000000000000
55.8305555555556 13.1236666666667 2149.4444444444400
55.0210000000000 5.2567857142857 10978.2857142857000
54.3351000000000 -5.4931000000000 5155.8000000000000
49.3540000000000 -1.2536666666667 10822.3333333333000
39.7524444444444 28.3210000000000 12496.0000000000000
40.9492000000000 0.7378000000000 9599.2000000000000
54.5434705882353 20.2045882352941 10375.1764705882000
55.8086153846154 12.9528461538462 1104.0000000000000
55.9710000000000 37.3781048387097 274.0000000000000
39.9186190476190 0.1225238095238 10767.5238095238000
51.1641538461538 -0.0699230769231 576.0000000000000
40.9491428571429 0.0442857142857 8839.0000000000000
52.8958181818182 39.5950000000000 10965.0000000000000
52.1378666666667 3.8861333333333 11590.0000000000000
46.9369166666667 6.4665000000000 12192.0000000000000
50.7450000000000 0.6560000000000 4111.0000000000000
52.7020000000000 25.7955000000000 10668.0000000000000
51.8533636363636 2.5723636363636 7315.0000000000000
48.7415000000000 2.4798333333333 341.1666666666670
49.1448666666667 2.0652000000000 11277.0000000000000
54.0070666666667 -5.7096666666667 4805.4000000000000
57.8126000000000 13.4242000000000 10972.0000000000000
46.3912500000000 5.8747500000000 6181.0000000000000
51.9498947368421 7.2084736842105 8982.5789473684200
56.3137333333333 37.7252000000000 2478.6000000000000
46.2195714285714 1.1744285714286 10363.0000000000000
47.7403750000000 1.8592500000000 7779.2500000000000
44.9754545454545 0.0852727272727 10972.0000000000000
47.7234285714286 -0.8811428571429 9753.0000000000000
43.5960000000000 -7.4100000000000 11277.0000000000000
54.5203000000000 9.6451000000000 11222.0000000000000
52.2033333333333 4.1965555555556 11590.0000000000000
44.5004444444444 0.1016666666667 11574.0000000000000
54.4605000000000 38.0662000000000 10660.0000000000000
54.2111000000000 38.0759000000000 10668.0000000000000
48.4864000000000 16.1246000000000 2041.4000000000000
51.7906666666667 -0.2686666666667 7684.7777777777800
51.1641666666667 -0.0700000000000 415.6666666666670
54.6274285714286 24.8530000000000 10668.0000000000000
51.2756000000000 3.8638000000000 10363.0000000000000
55.6364444444444 37.8513333333333 4577.4444444444400
37.6999285714286 -4.1737142857143 10148.0000000000000
55.8270666666667 10.0606666666667 9624.1333333333300
49.7340000000000 2.5690000000000 10972.0000000000000
48.1854324324324 7.5460270270270 6656.4324324324300
39.0358947368421 -8.9938421052632 1506.9473684210500
51.6586153846154 -0.3755384615385 2446.0000000000000
54.6934545454545 11.7898181818182 8142.5454545454600
45.5031000000000 12.3430000000000 38.0000000000000
51.8498000000000 -7.6148000000000 5038.9000000000000
53.0826363636364 0.6852727272727 8229.0000000000000
51.1567391304348 -0.1242173913043 411.0434782608700
46.2370688259109 6.1085101214575 443.8056680161940
51.4160000000000 21.6690000000000 10058.0000000000000
51.4780000000000 -0.2617142857143 671.4285714285710
55.6250000000000 12.6438571428571 0.0000000000000
42.3573333333333 0.3440000000000 11277.0000000000000
54.2919444444444 4.0647222222222 12192.0000000000000
42.3812666666667 1.5937333333333 9427.3333333333300
52.1080000000000 6.9742000000000 11586.8000000000000
44.2956363636364 1.0109090909091 11292.0000000000000
49.9337500000000 -6.3342500000000 10668.0000000000000
46.7246250000000 -1.3979375000000 11277.0000000000000
51.9410000000000 0.0270000000000 2118.0000000000000
48.1023333333333 40.3863333333333 10357.6666666667000
52.0376000000000 -1.2334000000000 4974.0000000000000
47.5978823529412 7.4272352941177 7881.9411764705900
54.3497142857143 -5.0776428571429 4454.5714285714300
44.1610588235294 6.9839411764706 10980.0000000000000
51.7462857142857 1.5935714285714 8234.2857142857100
50.3060000000000 7.6123333333333 10972.0000000000000
48.3484375000000 -2.0485000000000 11574.0000000000000
56.7165263157895 24.9863684210526 6044.3157894736800
51.6486666666667 2.0856000000000 8643.3333333333300
53.4893333333333 -6.2480000000000 3001.6666666666700
46.2306666666667 5.7702380952381 5134.0000000000000
47.8252500000000 4.8687500000000 10972.0000000000000
53.1493636363636 -2.7522727272727 10058.0000000000000
36.8885454545455 -4.7982272727273 1980.9545454545500
56.3517500000000 19.3990000000000 12192.0000000000000
47.4550000000000 8.5614000000000 2842.0000000000000
56.7335000000000 28.2445000000000 10363.0000000000000
38.5368571428571 -5.2982857142857 8842.1428571428600
54.3236000000000 11.5558000000000 9733.2000000000000
56.9499090909091 18.2450000000000 11582.0000000000000
47.0296875000000 -2.3659375000000 10366.9375000000000
55.1310000000000 10.7250000000000 8229.0000000000000
53.7558571428571 25.6188571428571 10972.0000000000000
54.6526923076923 -5.7838461538462 1649.5384615384600
49.9478571428571 18.1430714285714 10668.0000000000000
49.1344545454545 3.4413636363636 11590.0000000000000
53.2989166666667 6.6005000000000 11582.0000000000000
55.5550000000000 11.9225000000000 3542.5000000000000
35.9725000000000 -5.0340000000000 5558.0000000000000
47.6054000000000 17.4690000000000 10363.0000000000000
48.3222000000000 3.3946000000000 11574.0000000000000
32.1934545454545 34.1439090909091 6740.8181818181800
48.2153333333333 1.4021333333333 10357.1333333333000
48.9017500000000 2.3028750000000 8838.0000000000000
46.0762000000000 9.1290000000000 10160.4000000000000
44.0976666666667 6.9993333333333 11590.0000000000000
49.8800000000000 -7.5441666666667 11879.0000000000000
52.3045714285714 1.4208571428571 9351.5714285714300
46.8782000000000 7.4655000000000 7770.6000000000000
37.6044000000000 -7.4106000000000 4572.0000000000000
42.9563000000000 9.7317000000000 10972.0000000000000
51.4000000000000 -0.4954444444444 1373.0000000000000
56.9175000000000 23.9702500000000 297.0000000000000
42.0129000000000 -4.9333000000000 5791.0000000000000
40.0579244604317 5.2737122302158 10058.0000000000000
39.5995000000000 -5.9017000000000 11277.0000000000000
45.2675454545455 -0.3313636363636 11582.0000000000000
55.8814000000000 38.1822000000000 3597.8000000000000
53.4201294416244 -6.2480000000000 320.9060913705580
55.3842000000000 11.7420000000000 2530.6000000000000
50.7670000000000 -0.5510000000000 3642.0000000000000
51.7653333333333 -0.6756666666667 2946.0000000000000
55.2813000000000 -4.0452000000000 6589.1000000000000
46.6804857142857 39.9502571428571 10055.4857142857000
55.9210000000000 3.8020000000000 11277.0000000000000
47.1104000000000 4.3054000000000 8844.6000000000000
48.8549285714286 6.5902142857143 5485.4285714285700
45.7710000000000 5.1470000000000 6545.0000000000000
51.6224000000000 0.0949333333333 4976.8666666666700
57.7558421052632 11.5704736842105 11887.0000000000000
43.5885333333333 -3.9145333333333 11894.0000000000000
55.7428000000000 36.1638000000000 5568.0000000000000
41.6825000000000 -2.8902500000000 9410.5000000000000
55.8590000000000 12.9350000000000 1554.0000000000000
58.8837000000000 19.7451000000000 11574.0000000000000
42.8754000000000 0.8328000000000 10363.0000000000000
48.5782105263158 15.8826315789474 6185.0526315789500
51.9140000000000 3.3140000000000 10972.0000000000000
52.2110000000000 2.4060000000000 9151.0000000000000
35.0390000000000 -1.4929166666667 10979.3333333333000
48.3535000000000 2.7265000000000 8839.0000000000000
43.1926666666667 29.6887500000000 10972.0000000000000
41.6643846153846 0.1903076923077 11277.0000000000000
46.7998125000000 -0.4364375000000 11567.4375000000000
47.8557272727273 6.1889090909091 10355.0000000000000
50.3708000000000 13.0952000000000 10988.0000000000000
57.5911666666667 15.1300000000000 10668.0000000000000
38.0980000000000 -0.7890000000000 4610.0000000000000
38.0502307692308 -0.8026153846154 2150.3076923076900
40.6073333333333 -1.7321666666667 8687.6666666666700
51.7863333333333 3.5420000000000 9797.8333333333300
50.2440588235294 10.6943529411765 11585.2941176471000
56.0260000000000 12.9820000000000 2179.0000000000000
53.9502000000000 38.1530000000000 10668.0000000000000
53.0547142857143 -2.9222857142857 10076.4285714286000
46.4988000000000 7.8534000000000 5484.4000000000000
50.9306000000000 4.3994000000000 1093.6000000000000
42.9922941176471 10.2967058823529 10972.0000000000000
49.7533750000000 30.1637500000000 10972.0000000000000
55.0320000000000 11.1440000000000 7833.0000000000000
50.7395294117647 3.1684117647059 7747.0588235294100
52.3202857142857 4.8748571428571 467.8571428571430
54.8404615384615 31.7583076923077 9448.0000000000000
43.5635232558140 39.3048720930233 2634.1511627907000
46.1884000000000 6.0350000000000 1677.2000000000000
49.3290500000000 1.2662500000000 10660.0000000000000
52.6146000000000 6.4675000000000 11582.0000000000000
34.0066000000000 -5.0840000000000 11582.0000000000000
51.5906000000000 -0.9174000000000 6569.6000000000000
52.0470000000000 -4.4470000000000 9940.0000000000000
53.2832727272727 27.1842727272727 10058.0000000000000
52.4260000000000 5.1476000000000 11590.0000000000000
54.0692666666667 -2.8830666666667 11285.0000000000000
46.9290500000000 28.9190000000000 0.0000000000000
47.1381333333333 -4.5479333333333 11277.0000000000000
55.6664285714286 12.7313333333333 467.2857142857140
51.1879285714286 0.1153571428571 1043.0000000000000
32.0611818181818 -7.5230909090909 9036.6363636363600
50.8790000000000 9.0960000000000 7482.0000000000000
48.0033846153846 15.6190000000000 11277.0000000000000
46.8244545454546 0.5063636363636 8986.8181818181800
39.2330000000000 -7.3757500000000 10965.0000000000000
47.2711428571429 -2.3154285714286 10363.0000000000000
52.2643846153846 6.7823076923077 6893.1153846153800
50.9300000000000 -0.9467000000000 4420.8000000000000
55.8640000000000 16.3140000000000 10050.0000000000000
49.3738571428571 2.9550000000000 11574.0000000000000
43.8136666666667 11.0970000000000 1381.0000000000000
50.8336363636364 6.7524545454546 11264.5454545455000
41.2940000000000 2.9153636363636 6872.4545454545500
52.8440000000000 3.8220000000000 11247.0000000000000
46.3281333333333 6.4517333333333 4936.1333333333300
51.7086153846154 -0.5232307692308 3352.0000000000000
47.0894000000000 0.7342000000000 10966.4000000000000
43.7946000000000 -0.9660000000000 11277.0000000000000
55.7637692307692 12.8833846153846 1291.3846153846200
52.3120641025641 4.7731153846154 38.0384615384615
51.1264615384615 0.9126153846154 3352.0000000000000
50.7750000000000 3.3190000000000 8138.0000000000000
46.9586000000000 5.2452000000000 10244.0000000000000
56.1551111111111 7.5368888888889 11590.0000000000000
57.4675000000000 14.3747500000000 11582.0000000000000
58.5303750000000 18.6975000000000 11574.0000000000000
54.7130000000000 -6.0080000000000 1104.0000000000000
54.3940909090909 12.3149090909091 7467.0909090909100
49.6616666666667 2.2453333333333 11582.0000000000000
51.1740000000000 1.0680000000000 4183.0000000000000
52.0320000000000 4.6412857142857 1526.0000000000000
54.9265000000000 10.2336250000000 9420.8750000000000
49.0463636363636 2.6143636363636 10050.0000000000000
42.6495333333333 -2.9468000000000 11158.6666666667000
47.3671428571429 -1.1217857142857 11582.0000000000000
44.9680000000000 -2.9421785714286 10973.4285714286000
43.9361250000000 -7.4091250000000 11582.0000000000000
47.4982941176471 7.9564705882353 10970.3529411765000
52.5678181818182 3.7333636363636 3345.3636363636400
37.0364444444444 -4.6021111111111 4236.5555555555600
56.0863333333333 37.6776666666667 1076.3333333333300
56.9243231017771 23.9715105008078 180.7560581583200
50.7971428571429 -1.1998571428571 5379.2857142857100
43.5870833333333 22.6828333333333 9328.8333333333300
51.4650000000000 -0.0444000000000 1332.0000000000000
52.8907500000000 -2.7460000000000 10066.0000000000000
48.0874545454545 2.7662727272727 10668.0000000000000
41.2398888888889 2.0532222222222 564.8888888888890
48.1428125000000 -2.4131875000000 10972.0000000000000
46.8250000000000 6.1498181818182 10370.0000000000000
54.5912352941176 9.8218235294118 10604.4117647059000
56.1302727272727 36.7895454545455 4052.9090909090900
51.4260769230769 4.4243076923077 7711.3846153846200
47.7010000000000 1.2290000000000 6728.0000000000000
41.8857857142857 -4.3924285714286 10972.0000000000000
39.4945714285714 -0.4977142857143 389.5714285714290
40.4850000000000 -7.6492222222222 6400.0000000000000
55.6460000000000 10.7860000000000 11582.0000000000000
49.1949523809524 1.4451428571429 12192.0000000000000
56.7055000000000 10.9703000000000 9448.0000000000000
51.4686000000000 10.4992000000000 10988.0000000000000
50.9250000000000 3.3540000000000 7932.0000000000000
53.4334444444444 -5.0448888888889 7564.4444444444400
48.0297692307692 40.3837692307692 10356.8461538462000
55.3756666666667 32.8560000000000 10058.0000000000000
37.4180000000000 -5.8433333333333 85.6666666666667
44.9022000000000 10.5208000000000 10735.1000000000000
54.3968333333333 9.6440833333333 10363.0000000000000
49.2631111111111 9.5595555555556 10370.0000000000000
55.6230000000000 12.6640000000000 190.0000000000000
43.9152500000000 14.6393750000000 10972.0000000000000
55.6505000000000 35.6010625000000 6284.6875000000000
53.3569931972789 -2.2759931972789 373.0000000000000
39.9779230769231 0.1598461538462 9938.6153846153800
54.0267777777778 6.9374444444445 11277.0000000000000
40.7524000000000 22.8582000000000 2719.8000000000000
48.8085000000000 -1.4093750000000 11583.0000000000000
33.7664545454546 -7.7370000000000 3960.7272727272700
55.6179455782313 12.6400000000000 0.0000000000000
40.5220666666667 22.9745555555556 22.0000000000000
50.9100000000000 4.5750000000000 350.0000000000000
50.6343846153846 6.4254615384615 11574.0000000000000
44.9298571428571 8.2415714285714 12192.0000000000000
49.5056666666667 1.3716666666667 8848.6666666666700
51.9485000000000 -0.3067391304348 10972.0000000000000
51.7339090909091 -1.2854545454546 4572.0000000000000
41.5713333333333 3.6503333333333 10363.0000000000000
51.9298000000000 -3.4166000000000 11582.0000000000000
46.9220000000000 40.1032500000000 10668.0000000000000
54.0830000000000 -4.2230000000000 8717.0000000000000
56.3090833333333 37.5520000000000 2891.0000000000000
59.6503803680982 17.9588220858896 122.7975460122700
53.2780000000000 -5.8782000000000 1558.8000000000000
59.0430000000000 4.9770000000000 9144.0000000000000
50.7870588235294 0.5738823529412 3862.9411764705900
42.8107692307692 -1.6473846153846 11887.0000000000000
54.4867894736842 10.1363684210526 10972.0000000000000
54.6372222222222 38.0838888888889 9918.8888888888900
43.4230000000000 39.8210000000000 1192.5714285714300
55.2608235294118 33.6171764705882 11277.0000000000000
55.6434166666667 12.6961666666667 517.4166666666670
51.2873333333333 -0.4821666666667 3658.3333333333300
51.2902500000000 2.6608750000000 8804.2500000000000
56.2890000000000 37.5625000000000 2430.6666666666700
56.1183333333333 37.6509166666667 1188.0000000000000
55.4771428571429 12.8087142857143 823.2857142857140
48.2384666666667 13.4258000000000 11879.0000000000000
48.7679090909091 4.0728636363636 11569.8636363636000
53.5228666666667 5.6776666666667 10668.0000000000000
51.0928888888889 2.6765555555556 6660.1111111111100
38.6070000000000 -2.4025000000000 10044.7500000000000
55.9841666666667 37.5050000000000 402.0555555555560
52.0630000000000 -1.3171818181818 4834.4545454545500
40.4887011952191 -3.5805776892430 451.9362549800800
37.2250833333333 -8.4611666666667 10250.7500000000000
52.2052000000000 4.7927000000000 1379.7000000000000
45.2830769230769 16.4224615384615 12496.0000000000000
47.3345000000000 0.8380000000000 11277.0000000000000
39.4876315789474 -0.2505789473684 840.8947368421050
50.1335882352941 -7.3742352941177 10965.0000000000000
57.7891176470588 18.5346470588235 11582.0000000000000
40.2788888888889 -3.3393333333333 1518.6111111111100
36.7110000000000 -4.5500000000000 754.0000000000000
48.9507073170732 2.0114268292683 8816.1829268292700
52.1145000000000 7.6695000000000 10972.0000000000000
48.5942000000000 40.4028666666667 10363.0000000000000
46.6601400000000 -3.4158000000000 11582.0000000000000
56.1280000000000 30.5680000000000 11277.0000000000000
41.7786363636364 -5.7308181818182 10972.0000000000000
48.2103636363636 -2.0100909090909 10972.0000000000000
49.4880909090909 9.2474545454545 7315.0000000000000
51.1587500000000 -0.5832500000000 3956.5000000000000
52.9456000000000 -2.7482000000000 5791.0000000000000
52.5748421052632 13.4435263157895 655.3157894736840
50.0527142857143 1.6232857142857 10343.2857142857000
50.1065789473684 8.7896315789474 1201.8947368421100
55.9283333333333 7.4486666666667 11274.3333333333000
50.3932000000000 5.2735333333333 10186.6666666667000
53.2977692307692 -2.4879230769231 10973.8461538462000
49.2263333333333 16.4690000000000 10972.0000000000000
48.5440000000000 9.1050000000000 11841.0000000000000
55.6773333333333 34.1984166666667 9943.9166666666700
40.8505714285714 -2.7791428571429 5023.9047619047600
36.7775555555556 -7.7776666666667 11574.0000000000000
38.7641029962547 -9.1340299625468 0.0000000000000
55.7510000000000 12.8638000000000 1086.2000000000000
51.8050000000000 -7.9183333333333 4919.3333333333300
34.6594615384615 31.6283076923077 9753.0000000000000
52.3728888888889 39.8620555555556 10363.0000000000000
49.3324736842105 4.9427894736842 11582.0000000000000
40.3356250000000 33.5739062500000 10363.0000000000000
60.3525454545454 25.2041818181818 2647.0000000000000
48.4212666666667 4.6393333333333 10972.0000000000000
47.7261818181818 0.7179090909091 11282.8181818182000
43.2536363636364 -6.3720000000000 11887.0000000000000
51.2160000000000 0.2680000000000 3657.0000000000000
45.3117142857143 -0.4839285714286 11582.0000000000000
47.0506000000000 7.4690000000000 6516.2000000000000
40.6057500000000 -3.7707500000000 3684.0000000000000
59.9472500000000 21.2168333333333 5486.0000000000000
56.2327777777778 18.3162222222222 12187.5555555556000
51.3054000000000 3.5698000000000 9738.0000000000000
42.6957142857143 -2.5880000000000 10363.0000000000000
49.9287272727273 12.8810000000000 11582.0000000000000
48.3565384615385 -2.6078461538462 11582.0000000000000
52.6310000000000 -2.4396666666667 9059.3333333333300
54.8920588235294 10.7783529411765 9493.4117647058800
48.2906666666667 14.1933333333333 2081.3333333333300
50.0641428571429 8.6128571428571 374.8571428571430
51.4549230769231 -2.9912307692308 3232.0769230769200
45.4600570469799 9.2783959731544 79.2785234899329
48.5600000000000 -2.0125000000000 10970.5000000000000
45.4421666666667 1.3496666666667 11277.4444444444000
53.4316498516320 -6.2505014836795 95.9406528189911
55.6080625000000 5.0590000000000 11285.0000000000000
51.1315000000000 -0.7590000000000 3954.2500000000000
46.3064285714286 6.2101428571429 951.1428571428570
52.2248181818182 1.9436363636364 9396.3636363636400
51.3464375000000 22.7838750000000 10668.0000000000000
52.1853333333333 8.5946666666667 11582.0000000000000
52.0861818181818 39.0879090909091 10668.0000000000000
58.8473076923077 14.2948461538462 11277.0000000000000
47.7705000000000 6.1925000000000 12192.0000000000000
43.9612000000000 8.3384000000000 10972.0000000000000
48.0290000000000 4.5330000000000 10972.0000000000000
47.9800000000000 7.1380909090909 5916.9090909090900
51.3795833333333 -0.2026666666667 2285.8333333333300
53.6573333333333 26.5293333333333 10058.0000000000000
48.5142000000000 15.8504000000000 3972.8000000000000
54.3317272727273 38.2358181818182 10058.0000000000000
42.0042380952381 2.3216666666667 4473.0952380952400
40.7935384615385 -3.2585384615385 10363.0000000000000
52.0225000000000 1.1090000000000 7322.5000000000000
51.3080000000000 -0.7084000000000 3930.8000000000000
43.7303076923077 0.7297692307692 11582.0000000000000
56.4927500000000 17.5576875000000 11582.0000000000000
43.3073333333333 8.4309166666667 10976.6666666667000
48.4804615384615 3.7350769230769 11567.0000000000000
52.9600000000000 -1.3470000000000 10980.0000000000000
54.1930000000000 8.7240000000000 11590.0000000000000
51.7713333333333 2.7033333333333 10972.0000000000000
50.2935000000000 -1.5446666666667 7529.0000000000000
53.3809090909091 -1.8555454545455 10370.0000000000000
54.0157692307692 6.9309230769231 11277.0000000000000
54.3499375000000 -5.0463750000000 4655.6250000000000
37.4180000000000 -5.8428205128205 88.4871794871795
44.9940000000000 20.2113333333333 2105.3333333333300
37.9420909090909 -4.4663636363636 7892.0000000000000
46.1557894736842 5.9823157894737 2343.7368421052600
52.9338571428571 -1.9497142857143 11277.0000000000000
39.2882857142857 -0.8180000000000 10675.0000000000000
41.3056666666667 1.8390000000000 3466.6666666666700
51.1666666666667 -0.0523333333333 487.3333333333330
49.4588500000000 3.1704500000000 11277.0000000000000
46.9384705882353 40.1131176470588 10668.0000000000000
38.6007272727273 -2.4831818181818 11277.0000000000000
53.7254000000000 7.1778000000000 11277.0000000000000
59.8207647058824 17.9401764705882 1025.3529411764700
53.5627368421053 -1.8684210526316 1626.9473684210500
32.4301250000000 33.6363750000000 7095.6875000000000
48.8810000000000 5.6840000000000 10972.0000000000000
51.4645714285714 -0.4524285714286 0.0000000000000
56.5458461538461 14.0067692307692 6355.6923076923100
54.4581428571429 24.5134285714286 10973.1428571429000
51.0255000000000 2.7831250000000 9057.1250000000000
51.1830714285714 0.0667857142857 1213.7142857142900
56.3624000000000 37.4186000000000 2133.0000000000000
53.4809000000000 16.5435000000000 10959.4000000000000
41.3489090909091 11.2633636363636 7049.0909090909100
51.6193333333333 -0.5420476190476 3345.0000000000000
51.9110000000000 5.1150000000000 11643.0000000000000
50.5558000000000 11.7930000000000 11569.8000000000000
55.9720000000000 37.4419568000000 123.4272000000000
53.4564000000000 -5.4516000000000 6009.8000000000000
43.3870000000000 -2.9400000000000 1303.0000000000000
53.8130909090909 21.3557272727273 10668.0000000000000
50.8762857142857 -0.1924285714286 2857.9285714285700
56.8456000000000 14.5114000000000 10668.0000000000000
56.4800000000000 27.1880000000000 10744.0000000000000
52.5810000000000 -2.3113333333333 9441.0000000000000
54.4140000000000 -3.1488750000000 10058.0000000000000
50.1025000000000 1.5842500000000 9846.5000000000000
55.9752450331126 37.3679006622517 0.0000000000000
48.6740000000000 3.2728181818182 11574.0000000000000
54.7888461538462 9.5826153846154 11887.0000000000000
46.7212000000000 6.2840000000000 11582.0000000000000
58.2346363636364 6.7191818181818 8099.1818181818200
46.3390365853659 6.0179878048781 4325.4756097561000
49.4604000000000 2.9884000000000 10966.4000000000000
52.4388000000000 4.3896000000000 1726.4000000000000
51.9286363636364 4.4235454545455 8069.3636363636400
49.2115000000000 11.5265000000000 10966.7500000000000
51.5793000000000 -1.1623000000000 4572.0000000000000
51.5961111111111 -3.1822222222222 9429.7777777777800
44.5282666666667 -1.0910000000000 10972.0000000000000
50.9060000000000 4.4190000000000 914.0000000000000
52.3478888888889 2.3397777777778 10675.0000000000000
50.3456666666667 40.5502222222222 10972.0000000000000
42.5782000000000 -2.3496000000000 10363.0000000000000
58.5395000000000 14.1700833333333 10668.0000000000000
51.3946923076923 0.0531538461538 3111.8461538461500
47.8970000000000 4.0620000000000 10965.0000000000000
56.6688000000000 21.9860000000000 9876.5000000000000
42.9905000000000 -4.7975000000000 11582.0000000000000
59.1032727272727 17.6044545454545 10957.0000000000000
47.7870000000000 9.0390000000000 5074.0000000000000
52.0506666666667 1.3363333333333 8999.0000000000000
51.4640000000000 -0.4849090909091 532.6363636363640
43.6425555555556 7.2904444444444 1119.6666666666700
39.9590000000000 -3.8511818181818 6103.0000000000000
51.7990666666667 2.0996666666667 8055.5333333333300
46.3991176470588 0.3130588235294 11054.5294117647000
49.7820000000000 5.3020000000000 11277.0000000000000
40.4139000000000 -7.6827000000000 5173.8000000000000
49.7686956521739 -6.8864782608696 11269.0000000000000
40.3984000000000 -3.3540000000000 2387.2000000000000
47.9205000000000 0.7353000000000 10370.0000000000000
52.0497083333333 -0.0652083333333 1615.0000000000000
52.0884285714286 6.1370000000000 11582.0000000000000
51.9605000000000 40.0682500000000 10986.0000000000000
46.8564000000000 6.2282000000000 11582.0000000000000
45.7243620689655 39.6437931034483 6618.5689655172400
51.6520714285714 -0.4465000000000 1925.5000000000000
54.7500000000000 11.6425000000000 10660.0000000000000
47.4615283018868 8.5634716981132 632.0000000000000
54.2751250000000 38.8793750000000 9758.0000000000000
49.1507500000000 3.1065000000000 11582.0000000000000
46.1530000000000 -4.6340000000000 11879.0000000000000
38.7680000000000 -9.1307157794677 75.8726235741445
55.1162857142857 27.7897142857143 10480.0000000000000
46.5548888888889 9.9198888888889 10957.0000000000000
46.3737058823529 17.0611176470588 10660.0000000000000
56.4438000000000 13.0410000000000 2258.0000000000000
49.0490000000000 2.7525454545455 11590.0000000000000
51.4780000000000 -0.2100000000000 1104.0000000000000
38.5665000000000 31.1607000000000 10363.7000000000000
36.0780000000000 28.4310000000000 10972.0000000000000
36.7833333333333 -4.6646666666667 2345.1666666666700
52.6000000000000 3.9714000000000 2133.0000000000000
55.2981666666667 12.6956666666667 3062.8333333333300
34.7260000000000 -6.6026000000000 9870.8000000000000
46.4744615384615 6.4257692307692 1926.1538461538500
52.2531111111111 21.0695555555556 2266.5555555555600
46.9406250000000 5.2202500000000 9202.2500000000000
59.7610000000000 17.9990000000000 853.0000000000000
50.8926153846154 5.0889230769231 2431.0769230769200
55.6221250000000 34.8642500000000 7607.1250000000000
35.4628181818182 -5.4503636363636 5791.0000000000000
52.3326923076923 5.5283076923077 2761.6923076923100
42.2412857142857 -2.0294642857143 10668.0000000000000
55.5394000000000 12.4992000000000 1922.8000000000000
50.2519411764706 1.7355294117647 11319.4117647059000
52.5315000000000 12.1315000000000 10976.5000000000000
50.8470000000000 0.7940000000000 7231.0000000000000
53.2450000000000 -4.4276666666667 9577.6666666666700
53.0072222222222 19.6985555555556 8809.8888888888900
58.5504166666667 17.4962500000000 8705.0000000000000
55.2360000000000 11.6049473684211 6591.7368421052600
39.0590000000000 -8.8098333333333 2366.4166666666700
40.7710000000000 -2.6005000000000 8534.0000000000000
51.4650000000000 -0.2044117647059 1007.4117647058800
44.9622631578947 -2.8523684210526 10362.5789473684000
45.0020000000000 15.3270000000000 10980.0000000000000
51.2950000000000 3.7050000000000 6362.0000000000000
42.8992500000000 0.9302500000000 11582.0000000000000
49.7178571428571 -1.5912857142857 9730.2857142857100
48.6281250000000 -1.3983750000000 11574.0000000000000
51.3281111111111 -0.3538888888889 2743.0000000000000
45.0026053811659 39.5927264573991 2661.3856502242200
45.3608235294118 -3.7333823529412 12192.0000000000000
48.5471875000000 3.3825625000000 11581.5000000000000
51.6801333333333 0.6091333333333 4090.1333333333300
50.0545806451613 0.7110322580645 10668.0000000000000
54.1991000000000 7.4771000000000 10683.0000000000000
37.5158000000000 -5.6370000000000 921.8000000000000
55.3962500000000 38.0088750000000 5675.2500000000000
55.4907857142857 5.8917142857143 11269.0000000000000
52.5087777777778 5.6313333333333 3896.0000000000000
51.9790000000000 -0.7193333333333 3837.3333333333300
44.7761666666667 9.3340000000000 8960.5000000000000
60.1565454545455 -3.5036363636364 11277.0000000000000
50.0420000000000 40.0584615384615 10364.0769230769000
55.4098888888889 12.1111111111111 5668.0000000000000
51.3340000000000 -0.0347272727273 2438.0000000000000
52.1538000000000 -1.3147333333333 5135.2000000000000
42.4924000000000 1.5244000000000 10376.8000000000000
47.2076666666667 15.9913333333333 11277.0000000000000
53.7358750000000 37.9766250000000 10972.0000000000000
49.8495555555556 2.7566666666667 11574.0000000000000
38.6094117647059 -8.8482352941177 2929.7647058823500
58.0540000000000 13.4140000000000 10972.0000000000000
55.8075000000000 36.3805000000000 2491.0000000000000
55.9690000000000 37.4005666666667 216.9666666666670
40.5342666666667 -1.9845333333333 8528.9333333333300
55.9536842105263 32.1152631578947 9448.0000000000000
42.1896000000000 21.1870000000000 10972.0000000000000
43.1555000000000 -3.1931875000000 3927.6250000000000
54.1980000000000 -4.5730000000000 7970.0000000000000
55.5676250000000 12.5635000000000 1007.5000000000000
49.3541538461538 19.3414615384615 11277.0000000000000
49.6823333333333 2.1410000000000 11033.3333333333000
46.6712800000000 6.5002000000000 3110.3200000000000
55.6591428571429 12.7076285714286 593.8857142857140
41.7077692307692 -5.5384615384615 11589.3846153846000
44.7585000000000 3.5370000000000 9692.0000000000000
55.2893571428571 11.7638571428571 6751.6428571428600
51.8742580645161 -13.1733548387097 11277.0000000000000
53.3831538461538 -3.1582307692308 8826.0769230769200
50.2139090909091 39.9190000000000 10370.0000000000000
52.1562307692308 7.3681538461539 6124.4615384615400
40.4576923076923 -3.5870000000000 6145.6923076923100
53.4079166666667 -6.0446666666667 957.0833333333330
43.8652380952381 7.8205238095238 10972.0000000000000
50.6651818181818 8.9061818181818 8486.7272727272700
53.4185000000000 9.5255000000000 4503.0000000000000
51.4780000000000 -0.0876666666667 1501.0000000000000
40.4314285714286 -3.2797142857143 11582.0000000000000
45.2212500000000 -0.4704166666667 12192.0000000000000
55.8501600000000 36.6479600000000 1558.6400000000000
51.3960000000000 0.1048000000000 3140.2000000000000
43.2495000000000 0.6764000000000 11590.0000000000000
47.4465000000000 -1.1118125000000 10355.0000000000000
36.4718235294118 -5.9327058823529 11582.0000000000000
53.9685000000000 -3.9210000000000 10024.0000000000000
40.7523333333333 -1.2193333333333 8822.1111111111100
49.3856428571429 3.1262142857143 10364.5000000000000
48.3082307692308 16.5720769230769 1295.9230769230800
35.9840000000000 33.6325000000000 10972.0000000000000
48.6350000000000 -1.4030000000000 10355.0000000000000
55.6189438552714 12.6494017467249 78.1334996880848
49.1300000000000 -2.2810000000000 10927.0000000000000
40.8383333333333 -0.5084444444444 9441.0000000000000
52.8025000000000 26.0433333333333 10058.0000000000000
39.5343636363636 -0.5953636363636 1413.1818181818200
52.1702500000000 13.0412500000000 1870.3750000000000
49.3455294117647 3.7677647058824 10995.0588235294000
56.7911176470588 8.9508235294118 11582.0000000000000
52.2791680440771 4.7056584022039 583.8457300275480
52.0075000000000 1.7951000000000 7010.0000000000000
38.9808888888889 -3.5592777777778 10347.0000000000000
60.2561818181818 24.0675454545455 6091.7272727272700
54.7224285714286 -5.7004285714286 996.4285714285710
51.6636666666667 0.5088888888889 7474.2222222222200
50.6385000000000 3.1845000000000 8781.5000000000000
41.7827222222222 1.6450555555556 7460.4444444444400
55.4064000000000 13.3950000000000 2658.6000000000000
51.6080000000000 0.0971111111111 3352.0000000000000
40.1725384615385 -3.5356923076923 4167.6153846153800
56.7867272727273 23.0770000000000 6542.5454545454600
53.5776000000000 7.7770000000000 10929.6000000000000
55.1310000000000 37.3595000000000 7341.2500000000000
51.5714285714286 1.4948571428571 5339.2857142857100
51.4728823529412 11.6951176470588 8373.7647058823500
55.7076000000000 12.7950000000000 814.8000000000000
50.7232857142857 4.6588571428571 8980.2857142857100
49.4851000000000 28.9249000000000 10058.0000000000000
45.0512105263158 3.2442105263158 10668.0000000000000
52.3633888888889 4.7429444444444 558.7777777777780
40.4140500000000 -3.4760500000000 895.6000000000000
58.7911818181818 21.1714545454545 11582.0000000000000
32.0591050119332 34.7391694510740 13051.4439140811000
53.9670714285714 16.2314285714286 11582.0000000000000
42.9758750000000 -1.2641250000000 10668.0000000000000
45.3797000000000 4.0842000000000 9200.5000000000000
53.2272000000000 -1.8572000000000 11887.0000000000000
54.8108181818182 -1.3237272727273 10468.1818181818000
48.7819500000000 9.5513500000000 1711.7000000000000
49.1910000000000 6.5590000000000 9441.0000000000000
52.9043333333333 6.6020000000000 10363.0000000000000
43.9484705882353 7.7030000000000 9448.0000000000000
48.0477727272727 40.3843636363636 10972.0000000000000
45.0606085790885 -5.3096353887400 11277.0000000000000
53.3739090909091 5.4532727272727 11267.7272727273000
45.8115882352941 5.6214117647059 10972.0000000000000
48.0316666666667 5.6080000000000 10814.6666666667000
37.6652500000000 26.5500000000000 11582.0000000000000
54.7010000000000 8.9875000000000 11887.0000000000000
40.3380000000000 -3.3990000000000 1478.0000000000000
55.9700000000000 5.1241428571429 11277.0000000000000
55.8440000000000 12.6950000000000 1782.5000000000000
46.3760000000000 40.4870000000000 10668.0000000000000
45.6013076923077 5.7512307692308 10957.0000000000000
54.1058823529412 8.1635294117647 11887.0000000000000
50.3735000000000 0.0660000000000 8229.0000000000000
54.4403846153846 11.8901538461538 9280.5384615384600
40.5891428571429 -4.1511428571429 5241.8571428571400
51.7208000000000 1.2000000000000 4881.2000000000000
41.8841250000000 3.2900000000000 5720.8125000000000
50.3808461538462 1.9630769230769 10976.9230769231000
50.0219848812095 8.5399848812095 251.0496760259180
50.1977894736842 -1.9341052631579 9460.4736842105300
51.4770000000000 -0.4088333333333 296.2777777777780
44.4182500000000 -3.7322500000000 11582.0000000000000
38.5512857142857 27.0791428571429 1445.1428571428600
39.3480000000000 0.0290000000000 5890.0000000000000
52.0138421052632 -0.4391578947368 9540.2631578947400
42.4450000000000 -6.7122727272727 11595.7272727273000
54.4840000000000 8.4100000000000 11277.0000000000000
55.3742000000000 11.3835500000000 4942.9500000000000
46.6743000000000 10.8256000000000 11581.2000000000000
44.1966666666667 -5.8200000000000 10668.0000000000000
49.8490000000000 2.5690000000000 10363.0000000000000
51.6455333333333 0.1526666666667 2743.0000000000000
50.2885714285714 7.3751428571429 11278.1428571429000
48.8546666666667 14.5610000000000 10668.0000000000000
38.6866666666667 29.0800000000000 11887.0000000000000
48.7087777777778 -1.4137777777778 10370.0000000000000
51.9361764705882 0.0443529411765 2324.6470588235300
48.1095428571429 16.5755428571429 1630.1714285714300
39.7160526315789 -8.6746315789474 8922.7368421052600
46.2857500000000 -2.7107500000000 10972.0000000000000
46.8380588235294 13.5689411764706 12188.2352941176000
50.7524736842105 1.0022631578947 7490.7368421052600
55.1078571428571 32.0052142857143 8987.2857142857100
45.3583000000000 5.9805000000000 10972.0000000000000
39.1089411764706 -9.0302941176471 2649.0000000000000
50.9831538461538 4.8907692307692 1001.9230769230800
50.9766666666667 -4.2433333333333 10668.0000000000000
41.0462727272727 1.0681818181818 6831.2727272727300
48.4845000000000 3.2913333333333 10978.6666666667000
47.8797500000000 0.9653125000000 10976.5000000000000
50.0180555555556 40.4594444444445 10363.0000000000000
47.5720625000000 10.6114375000000 8839.0000000000000
53.1127272727273 -2.6298181818182 10050.0000000000000
