4849727.21519618 -287192.530328268 4124156.37308834
4132559.93890817 590873.37242111 4828463.88242307
3532009.19351407 1290085.84367486 5155443.03326472
3174938.76621926 1574810.26251895 5305643.5187946
3917094.76236965 94842.4474366172 5029219.39167466
3871538.33213329 521870.060034428 5047384.81282518
3869184.66895646 568936.611490476 5044122.94038498
4080629.53455794 634924.009449493 4860488.21251713
3509503.41890958 1340289.40896629 5157994.88679843
3475005.73627347 1389199.65156945 5168400.20318762
2810967.07754917 2153036.154229 5298746.60463457
3972616.91924395 205067.503226193 4990535.62490253
4383400.67499151 665666.189037361 4590865.34714507
4186316.03039043 239842.029866697 4812325.87728372
4774945.55977994 195955.420118386 4214706.74360199
3721849.83364147 654521.250530401 5129596.40419674
3791436.99139554 534201.387579573 5104419.46645008
3805452.67648259 499848.723605383 5098380.81917804
3785725.87558942 539664.959559769 5108854.28756204
3971562.23142872 -92762.7914409463 4995552.38332189
4740390.30175701 -72399.1197313892 4272811.47012119
4779887.33035535 -215047.128475539 4219042.34164802
4784748.27238845 -216102.615264649 4218168.24395146
3746772.32253762 762698.055163279 5107410.23703013
3720734.57777319 655463.287876571 5130389.45745233
3859889.10054259 1137857.45872057 4953786.05108007
3631236.68247307 790542.698628419 5182833.00257265
3190908.9114401 1009335.76702489 5431545.57140207
3954673.05788083 276.088263248271 4998330.96089592
3972240.00534807 158777.799634608 4991158.6546493
3873593.07395612 347685.279406111 5047814.70086338
4217130.18530077 1488396.0061561 4554319.50397858
4074665.69269007 761154.510128216 4849059.46101871
3648348.05154742 1422504.82170115 5039028.90769959
3401143.62382788 1659289.4992677 5138547.15556245
3981962.81250391 455025.016172722 4959926.66172938
3784773.33079565 416305.110565644 5122453.89204617
3963123.94180904 10098.7778294689 4991816.87354879
3958128.08710784 5250.26299674044 4997322.58143323
3938374.06423582 144138.301710485 5016593.63607375
3813385.27047975 427672.299150932 5092628.4878698
3635341.00947144 634599.336991157 5207584.1244352
3153147.85607735 1071208.77864155 5444953.93341395
3848870.36847922 389460.944959141 5066047.83947587
2944278.63115875 1191299.63270068 5534229.52062147
3096973.25384235 884358.656814225 5510355.65257152
3036095.78923869 1157733.18477277 5493243.21240813
3193432.86784068 1121140.76393555 5410897.62351986
3155589.62088082 1152221.99364885 5426986.55667675
3047933.00635107 1169198.4757645 5483853.20024612
3058865.70458128 992292.324287603 5500519.56616258
2871353.90272852 1312245.04045839 5537732.46136422
3484414.50747921 736314.030846168 5295872.33577543
3539115.94571436 1677015.10513222 5040190.97998456
2850300.13148869 1338637.55995982 5540529.1831579
2901188.49736985 1332312.37774406 5519527.78395615
2779800.89929547 1898669.75136438 5423007.15381227
2831724.50156846 2166113.44664617 5280269.78104334
2779798.57787665 1901657.991948 5419807.92532902
2763157.6443888 1820721.53637646 5456000.01975684
3933492.76027669 -102933.433470069 5017204.49931293
4017027.9207095 -10166.0243903861 4948612.00404764
3885053.94523806 -110487.347491295 5050166.24960352
3944374.77079963 287649.657584907 5003038.68683529
3411731.02271234 424046.546186462 5377891.21282065
4068237.89894332 1136025.51090332 4775900.70215264
4048805.53863067 644093.173121071 4891398.30717367
4442871.93270919 2316066.06361673 3953503.09007554
3659655.45326163 -380512.738485996 5202354.32580926
3658559.89472244 -380527.916693128 5203319.66904876
4040502.48356196 -281405.641069271 4931605.71225073
3845567.80168952 496585.827833647 5069355.81573878
3936337.1771785 -32977.7527265357 5019290.49274811
3993538.08646815 -3833.52254018561 4966784.41763625
3556284.03219221 -264090.320514512 5280760.10120336
3603242.7570824 635024.702466519 5229346.64479671
3944105.55069436 47982.1935694732 5013155.12913007
3517788.45953535 739390.806401268 5263840.00464777
3496947.02197285 784031.671584591 5269189.14875491
3782052.38974314 340999.286719927 5128887.37153768
3993554.84242367 -14637.2085241083 4965948.85140766
3188982.54087019 833759.066735635 5465208.5421606
5213595.93862322 -709909.989492003 3606543.75748401
4707970.25889594 -334828.672852124 4296099.11692134
4034060.02920412 -14715.2598812452 4938179.30277833
4259168.04923031 -220306.555914794 4748095.64505241
4001994.09940876 -32480.0208729826 4959711.86995198
4777361.50599211 15342.0993038288 4232921.43367849
4691652.30426306 -331116.977841799 4313275.38634946
4092397.54852446 -142480.595553418 4893424.93428179
4568092.1842851 518207.117155168 4426023.23105371
4035634.55468021 524567.160617156 4914914.46867971
4916506.7284773 -805020.742839227 3972933.27592297
4202992.50394926 1453527.4075704 4576865.35117519
3285769.83180425 815580.633933519 5411798.77896191
3967352.86858744 -57545.2756627839 4988349.46932188
3842293.27016356 272588.134536441 5088021.26411336
3937381.8991555 18073.5600641167 5018334.54343712
3616514.21118952 326392.119724727 5247854.76234527
3647469.81391701 284307.911414057 5229588.19342409
3966636.01145731 -43271.0029454087 4987398.95247404
3637279.82788477 299422.309440505 5235838.1792222
3932829.17258792 22308.5051043756 5022118.68706479
3697097.52357639 -172669.308458582 5199147.28319046
4007892.6879752 220287.03049648 4962469.93847519
4921616.63232102 -22419.6413267355 4046877.00311844
4475862.32389573 301602.197977424 4539730.4189164
4246005.5908576 360054.872276834 4748067.25702961
4104257.64139961 41046.9681103108 4884232.79802906
4023548.44873947 -17766.8299893546 4947141.16213388
4197630.62415197 750055.320923278 4748765.50942086
4848002.22796043 -750856.966672197 4073600.10297458
4872643.1250712 -781953.882037217 4033777.85280552
4556891.1188385 -466809.777576379 4443232.40577329
4015800.54564243 -98845.3624064568 4953351.02914277
4775810.09917132 -663378.096385375 4178717.99462387
4079193.20468826 330210.546068795 4897397.40907873
4075277.96043951 33857.2396660534 4908691.10787786
4377146.73492703 474660.052557336 4605987.35728008
3969318.37042477 -32630.519771345 4983854.86174998
4020872.06579298 -22386.8398930328 4949346.90188173
4128510.08412575 792485.263599539 4801379.95838056
4236504.77956137 1606167.38211341 4494211.83920079
4231862.62214683 1584417.77644053 4506299.46437216
3752293.94485731 807368.084284936 5097680.66155867
2818065.26094576 2112173.81927816 5313939.87002776
3548729.24026349 1218324.01554497 5161395.78747312
3572925.2588821 840259.220807868 5220512.79970557
3618709.48427031 -221646.728625388 5253290.47844403
3447330.30775544 -133035.636596431 5357091.8246308
3892560.48609252 -135251.003161395 5051257.01371996
3959395.65384113 -4975.52593851721 4993548.28409365
3798291.1558058 -164242.94494925 5121796.72138224
3657049.54089294 -299957.365091359 5214929.13845109
3856076.36875041 -73703.8190917874 5083147.04239814
3856548.76942043 239795.425076436 5077366.09118332
4863333.19492303 -17570.4800592994 4130274.03708461
3846955.60114573 227203.722875458 5085665.76573422
3992088.99429236 290008.583868232 4968112.56058038
4154562.80907433 659207.434409127 4799845.11506415
4101894.75035765 1030857.5218391 4777829.16323513
4200405.73064928 1438038.41666163 4584986.0321339
3390404.95288356 1502845.45522987 5194983.75819661
3601290.92669776 768303.317206668 5212119.48056437
4885209.06569871 -775838.887642497 4022007.26806564
3945372.45236481 -224172.64737694 5010954.07570035
3805723.39228382 -303193.065698061 5111513.02042755
3994338.28195213 3904.00509281673 4964762.49436818
3919741.46272483 -113459.421240703 5028722.88154284
3878837.07427062 -153891.611962603 5062633.89960555
3873398.63811203 -136683.485233598 5066782.06524982
3908862.37440766 -88704.4962886603 5037122.41089238
3956022.19673039 -16501.9971269452 4997031.91934085
3905906.85606329 -99551.1128335465 5039279.00109732
3856486.04008964 299719.708286055 5064778.77436751
3871066.6009572 -424702.864225801 5053559.3920618
4252419.99772727 559615.199700463 4727049.97286494
4720489.82199933 -672413.597735431 4242439.80496014
3845517.87628877 1093175.47407032 4973425.67476289
3414225.88589711 849743.22799026 5324168.84144181
3876630.47779379 -116545.554063356 5062816.76593815
3839979.14229369 -546920.235090268 5061626.46637642
3598567.70110755 695124.637286366 5225357.70112047
3511323.66079292 786997.525336765 5257551.75362503
3948068.51009998 205665.794566273 5006798.40883646
3553033.18409055 743691.227418265 5243602.96418536
3822561.00484588 392258.878402172 5095461.40651956
3996397.21317088 -11439.0787324301 4961840.5112094
3932397.49820727 241617.993826872 5020478.42444933
3866949.03391488 332398.324213332 5066140.85196503
3957044.15343306 136246.924898203 4999806.59989574
3995375.3429537 -2859.03112608943 4963566.67015601
3812503.58656922 396943.214375979 5102628.6456827
3743823.86429556 493016.712045532 5144927.98818009
3959688.96791558 68770.9752255888 4998250.20949283
3950666.7579122 63027.6047451781 5003227.85911821
3953241.395949 34706.4221017209 5000838.25293931
3934664.86028792 219293.049415008 5020075.02381535
3721342.3633615 524788.959251977 5158833.25468291
3951529.0934416 61799.6428981739 5004115.53983502
3754103.17988392 517719.648880835 5134878.64200091
3510684.02754718 787562.055354414 5258198.4946006
3516308.78163829 783990.812976469 5255628.67474158
3470949.1149812 824528.426805188 5287899.59536879
3307958.882309 348847.982782335 5444442.17331746
4219766.8710028 591096.99124985 4751592.53367243
4695935.83169633 -193780.277375076 4318782.50476451
4161343.07282036 473242.311885098 4809620.3397296
4815869.92876745 -252051.91493996 4180589.23671024
3904118.23174983 409719.33931439 5032627.93004156
3926022.4659032 280112.212846157 5024463.92485425
3927093.8525648 273644.907654079 5023983.0139429
3390490.14107518 1686595.73260372 5136697.17817382
2826083.08927908 2171117.05415344 5281724.45940253
3630670.35551918 594024.552244562 5215622.74207107
5017513.00804863 -668944.391718895 3874603.30589683
3970489.63226042 307325.008891955 4978101.0856637
3304226.70464966 1232377.01117959 5319381.76774304
3721358.47282528 552907.533085031 5156628.97195885
3344103.91486637 1159895.70256926 5311944.18971065
3921262.68318168 576943.918175404 5002817.97305191
3114630.30198136 1674181.77861751 5313158.4917875
3179957.75314295 1475480.15413976 5327427.50293148
2821475.40411348 2132858.92252921 5302988.39082514
5272360.66214393 -703483.108357899 3507823.79249889
4621049.24183917 -366606.082483583 4388239.28172196
4827090.25732207 -326623.519348239 4162916.01056266
5222145.64389155 -651933.598722371 3604513.03256383
3523544.99178642 604949.269684134 5284769.03494083
5376644.04050402 -733640.794737437 3344261.78883093
5322304.27700594 -759940.334580908 3432330.68131063
4162697.97393592 1250215.62934686 4673998.22899524
3955111.36750571 2208.95113035105 4998168.56670631
3983198.02995117 301945.230545804 4977200.93433324
4023139.54385716 442382.004572272 4934390.8419852
3682155.30366054 1093011.33604008 5097490.70874449
4880130.63176953 -152000.160032112 4104313.11227724
3129311.22052562 2179629.23230908 5116865.65750755
3324541.39177435 1785219.03704121 5146455.27326962
4011488.02297505 315429.166519625 4954373.95330232
4121217.89872615 1180027.85819892 4728045.32264388
4195587.58130484 1287605.79914444 4630733.720892
3319127.49068442 1796592.5255105 5145245.30000531
4185499.65070967 -134898.364328425 4815159.72400447
4186132.63501239 -135211.316794254 4814541.01651071
4076670.2239076 -93295.6600891495 4903991.07599899
3980450.16680785 90190.03519416 4976805.61876341
5035433.79070174 -500827.96225748 3872095.04395348
4646240.00725564 115904.76725578 4374247.00664075
4382924.19648818 802282.327039047 4569003.81010831
4103644.83545637 898416.279176252 4802807.10634441
3026561.00254656 1224530.85281657 5483657.9332107
4549537.29125839 26044.9294123967 4477295.18861167
4684246.68533008 98693.5217427442 4332399.1175963
4411236.48589901 -58670.2969110114 4612472.59595737
4085766.01640383 -71531.3066820709 4898726.2132686
4317643.54151411 -71972.6916625617 4698358.00230733
4785993.13851501 172566.938970655 4202593.20335226
4073597.85612609 -80279.6881894394 4907625.06406084
4259825.68596338 -96817.7406514451 4752048.66961627
4543355.85760116 17921.1061926821 4482739.04793466
4710504.49862452 107718.865748124 4302104.58737071
4686182.94319502 97588.7642941872 4329162.50145644
4365084.86541878 -65905.1212812818 4654404.8352555
3948653.70614315 -8407.887706496 5005080.44337054
3898806.6080691 296095.472108534 5032256.2094728
3802189.43462636 -385072.580986034 5100690.98269611
4218816.09062074 98390.4936651903 4788461.6749407
4111345.35907758 194461.457912408 4878153.03844619
3713273.57426062 546673.090999284 5162750.65726053
5039451.24394562 -279896.275055554 3906283.26415712
5112558.1755415 -404432.144333776 3796851.95151159
4852139.26560478 -195306.157848941 4132691.97881073
4819654.96845615 -253177.8667981 4164186.89592584
5090406.71578398 -350331.779843292 3820870.04231461
5047659.8544192 -415436.654104033 3873817.00900386
4966501.90951531 -145406.921408091 4005743.85684249
4991056.25898049 -243055.561107584 3970357.80738152
4474227.75256278 537875.878151893 4517309.65254988
4926659.36693258 -785331.156626085 3966185.88724845
4554583.58725595 626573.030816091 4425490.74358106
4321618.56120189 897953.717784195 4608588.27299227
3486175.59897577 1680031.72257246 5074422.09187215
4453175.94699465 567384.340153986 4535326.01612677
3357626.85081541 1770800.0913691 5130708.60489227
4565622.56541378 613077.531315713 4415102.86242635
4319593.32260631 900207.204373916 4610056.78852097
4599190.05034271 -315315.538560095 4415106.69189717
4447134.74868373 -281660.237273289 4570426.69196792
4220649.9970084 -118778.095023884 4784735.83418358
4233848.1638108 -185075.909833756 4772580.80066447
4776497.80143063 -301432.432499645 4220911.0768252
4626715.88885143 -309252.768605571 4385797.05363614
4608819.2395692 -311288.633843062 4404456.5601378
3991764.33817374 -40130.9440133099 4968910.22426255
4750552.02218972 -300710.74528609 4248963.81184444
4774451.68922036 -259661.540049736 4222144.71910234
4098008.85482145 -118404.734117561 4889666.59488605
4091947.9599909 -117729.273920181 4893683.17396749
4530925.72402516 -236345.614705839 4488253.49579994
3986073.20256989 -33185.7051643148 4974181.59626596
4621687.90325382 -137652.904601846 4398050.28854162
3781591.55957511 -396060.005889823 5113053.32962662
4800625.3920073 -351440.80889905 4184435.05906773
3919215.16496186 339854.321460792 5024156.91736249
3978189.94912108 299959.518715864 4980935.20115126
5126479.187855 -439404.168837175 3775158.48344438
4712093.4397635 -225596.202594673 4297706.25023496
4609327.38591014 116513.422417061 4412492.75134583
4786420.47099262 1092720.357499 4075567.71926207
4462790.89415427 2647072.94974301 3716175.71416121
3578713.25739997 1504426.03030718 5064337.76884993
4175239.93788248 870960.262541014 4746210.00905297
4696400.02752717 -37378.0346126187 4320211.0367134
5069103.98673293 -400638.570483994 3846665.14318804
4481216.71262098 -220187.260615485 4539555.85178914
4440586.88921324 -202888.489302801 4579267.74284447
4311074.27677183 -169231.852672773 4702729.83283084
3681328.50697898 -360373.603913442 5197973.80535247
4200938.82570834 103622.470866124 4804043.13826258
3841516.35983271 -376325.516752696 5073643.48004888
4886146.01472807 -336274.157545437 4081192.3342842
5047451.96979253 -375267.636948588 3882893.68643253
3188363.23314751 1879363.94187874 5199595.25080637
4006530.71061839 10628.9521124602 4955800.82886083
4768502.46032321 240894.401323398 4235647.19494277
4319450.28065723 597375.536868474 4660777.26646589
4284052.66949719 -123630.475493568 4729603.86236651
4868292.76977951 6117.68034064364 4121900.78113251
5032575.09785319 -503116.177605114 3892252.38198706
4911056.74941489 -61374.4976423927 4061220.05454847
4908533.44958286 -69140.3187231055 4065137.29507099
3781647.77944642 909359.370214453 5046175.31934941
4028983.42741756 629337.107889436 4897154.76419237
4151884.65210044 -129027.535041515 4845398.51833778
3995432.50085237 -2719.60505508016 4963637.55805326
4283112.64438797 -166037.905608677 4728323.82666257
4806115.68543808 635638.799232797 4150515.86479078
4572494.68001289 582505.778631567 4399040.01488002
4217880.99138468 235742.311875009 4784470.33331629
3953912.56997555 589011.472901604 4976031.282915
4307796.42518614 -77900.3893360829 4700091.55178905
4263413.76509986 547668.601328105 4706739.06343206
4003935.82610142 28162.855302746 4960483.01853224
3983173.19527483 3267.41661881371 4976262.75135434
3961528.70308454 265555.181151289 4987390.35607701
4577030.34467317 108982.705333888 4446635.48845002
4063834.36730946 694059.946324066 4863014.69410819
4423987.31291823 1859763.88511729 4202241.25471777
4438551.29670532 1863698.92601358 4181016.26068057
4641888.04317507 2162378.41335357 3801823.71619922
3991799.07301417 720467.926821834 4921029.99468458
4004842.10185122 1261722.93206948 4805318.79480424
3951361.57721194 174731.28988604 5003870.24683134
3979165.99499632 177213.369689495 4984022.86265545
3947151.14869899 225310.424681776 5009870.22093766
3887837.51793701 929297.485381997 4970822.8332244
4349808.28164991 479378.041200074 4645312.82211317
4054409.99194412 675638.836904073 4882891.02540847
3503418.02455546 793256.795653114 5262666.60449805
3290816.82710241 1816703.42598959 5157865.15694103
4393999.95654123 685803.670279941 4566769.9274378
3435613.90234774 1716004.61022217 5097582.26970592
4256295.9387771 522230.400338937 4727416.96447303
4850307.324693 -223220.24326381 4130112.9129354
4568640.37169916 716492.03881175 4398605.02132494
4930125.66840113 -51199.7611543781 4052752.31163404
3992750.07123043 45507.3429815273 4979279.96171616
4477460.9835028 660455.276822503 4500388.31160728
4063853.80441521 693844.278376568 4862650.34531172
4537872.67606284 553241.768741897 4454109.3643131
4649300.71044019 983490.898065206 4248196.5817654
4060386.7145643 70448.9822593979 4917110.06164926
4391661.50920961 387541.947512729 4615243.59207278
4595333.1847616 691533.582552084 4374284.27809985
4473787.18726476 910934.143062263 4459259.3329894
4588264.9039129 660279.922273982 4386516.19353708
4604085.10780487 848247.614272413 4337309.24131766
4642476.72195238 1005435.40698428 4246486.69003126
3981196.12748891 -43151.8626868414 4976575.27191521
4049793.35499106 85821.0682107091 4928248.59942205
4397873.90394542 579225.3484473 4588329.73199355
4607865.08594358 798318.547418248 4342790.97532614
4403494.27198196 607588.937501037 4579262.00259741
4653368.13202519 998445.212104786 4237978.6181337
4775269.55037749 594960.539771791 4190551.73893797
4820274.84253392 -45936.188619047 4181241.85769416
4589967.49233618 651614.538141331 4386030.73785171
4737975.01056842 797881.495380895 4201004.35887502
2974749.58407948 2090068.57018914 5241854.72121915
3318754.37104421 1797663.96497364 5146623.49491773
3725100.15959984 1512227.6574855 4956044.86142783
4477486.02530129 3003417.29139635 3407450.23078798
4533142.64987646 2616472.74412345 3651597.64436817
4534633.09453015 2614168.64139872 3651423.52141182
4216572.02165625 1547052.99559017 4533951.25953127
4492457.60785319 2334939.37278679 3884285.84231658
3927275.34589247 230365.488658447 5023204.84925354
4430565.76586181 3090460.62086294 3377730.22453731
4535295.54545649 2558741.61266863 3691757.81760185
4107499.43070208 987867.426816541 4785154.80237379
4189906.85489947 2142607.43828646 4309954.48356882
3996672.27812631 1166664.608553 4836041.57655572
4535846.42244331 2422526.8856972 3779831.93283543
4547315.89912858 2369301.56145711 3799722.99427121
4530339.96896666 2810900.56355429 3507753.56155737
4897283.52484131 -782401.52767348 4000293.41666597
4475287.29475053 2733013.72876332 3635457.40271519
4399766.15537538 3018790.42111164 3496856.18060251
4838236.03455993 954486.863489296 4050913.99100711
3781877.33685515 160888.084729124 5138946.36074844
3883856.05402336 489612.137198421 5037763.99970603
4883358.60855921 -443990.768586665 4084282.96765105
4890929.13761084 -568841.201838058 4059669.73043187
3982961.98741882 1630203.17464588 4712951.42356467
4911613.90275103 -779944.455920515 3987384.10848988
4289500.33324998 -18866.3294812325 4725399.19598802
4029282.22665152 612393.153735102 4912342.1926834
4080587.17435672 -379981.32514559 4892237.63872934
4694467.01162194 -710641.862103913 4265480.11451734
4121981.08804007 -136164.028034822 4869151.10329032
4905693.36919028 -790331.926414547 3988145.6096753
4147566.52997875 -138820.926570478 4848433.84530584
3977294.09271214 -15063.5343851337 4979809.89111482
4889029.88547704 -748650.67586879 4023821.48372944
3971168.75888588 258056.786086073 4982413.49566941
4412590.38134217 -283029.409400044 4602011.20040849
4325883.89163262 562141.32324215 4658347.66307132
4919514.63920541 -147210.917710042 4053833.0048091
4901724.70582211 -685926.533974961 4019325.94453427
4911692.90117144 -58553.0939644069 4058687.13329449
4645405.90156253 -391963.630579163 4359337.03531939
4674590.27306138 447312.331057523 4322681.17787836
4829123.13988017 262973.015934071 4163675.14323457
3672968.65606184 1545482.7362351 4984623.43871737
3718465.72909979 1325475.69116562 5014936.3424044
3991444.89031885 1627334.64941158 4704344.08928684
4119731.47018376 678988.667774273 4827425.59425701
4337021.93422101 391341.971096195 4662598.05911955
4337447.75922742 375358.607528619 4665298.37687914
4296583.465222 342298.737603867 4703260.16267139
3981892.89997964 416.982850922823 4976975.85073235
4084368.92843696 134707.471545859 4898789.27268815
4161070.82125234 661580.282694937 4795095.5422114
4268415.8601264 617521.754355575 4703191.9590593
4474484.63494443 337537.713987289 4533960.58731727
4344632.32532487 2974720.46183852 3597224.41338742
4011526.66983194 92785.5526307168 4953379.87666503
4007977.54658115 15179.7443639878 4957431.59936296
4270196.59819119 410420.978770504 4724274.48088598
4273334.38181521 523033.984069536 4708711.33873306
3716454.84412467 737360.952107778 5135943.28153583
3951535.49441278 673248.080580596 4965278.17300204
4570226.45096163 870164.06954645 4366993.4716687
4900556.94606826 -785643.864738715 3995027.73222183
4721585.58631898 -300862.915679341 4283639.89636884
4443833.94254771 358166.889527423 4566140.68179104
4478189.73118629 294065.530987954 4537929.25239161
4189412.78128494 2396775.33996141 4176331.35968151
3651096.29434049 2874058.24587956 4374431.15965789
3726158.48604386 2861869.35356388 4318695.77560624
4181647.94078927 2652219.07836995 4025089.8371828
4491607.63232552 -212447.384558441 4528763.86400068
4033811.37806495 609840.574906005 4908555.3218327
5208894.68655297 -80009.1705224226 3687582.61500791
4568716.93383392 2464322.32669959 3711567.69928801
4636803.33687029 2182408.28622513 3802491.63380716
4355890.61341817 1442934.98378172 4437262.18578284
4488328.58492609 2487921.16051873 3795077.06389192
3998235.14318269 2582814.40170379 4252121.64606028
3685559.77974585 1200498.55407915 5069245.11829351
3293885.92360804 1785011.52501163 5156936.16210987
3102199.09010676 2618407.54527923 4924415.63446361
3089268.76713956 2643897.88330659 4918131.37327501
3149252.56012377 2686580.37601942 4857371.8001122
3093552.03301987 2489324.965996 4995486.82999891
2937763.91272951 2450781.43906752 5108109.25292034
2920695.57032887 2374600.78703392 5152176.18359468
3517020.7371274 2895292.67009816 4467107.87170981
2982371.60012666 2482526.38783232 5065996.06299128
3356516.75802939 2826549.68479684 4633173.34117155
2895501.31901879 2096532.56682422 5279995.06212713
2891184.47195999 2070724.46852352 5294439.78018746
3866291.88443033 339956.675509118 5066140.85196503
3919395.51482632 247205.564900509 5029822.19208011
3597542.94876058 709592.554617099 5222638.88049174
3775887.10011334 491072.259409329 5120889.55379046
2912164.1509182 1994075.06703872 5314667.72642302
3816777.32510313 448098.151787841 5090018.41587109
3863212.528119 319446.758154719 5057117.33075058
3113130.4266426 1556765.49654214 5348522.58789817
3243550.25358129 1341665.82351434 5329998.23445471
2938108.41036309 1999436.25104665 5300147.86442069
2853212.20912451 2139917.12095853 5283007.59221074
4538378.89468219 595152.178151202 4447749.17394969
4925815.03459242 184237.201574085 4053984.50759107
3605357.66011384 1543470.95602555 5034755.43308352
4854321.75799473 -230622.277305669 4123303.58378392
3063013.0146433 1925971.75137751 5256460.57940042
2866939.04076521 2132827.94430926 5279094.34198573
4779474.06772636 -529347.600334058 4195486.2907863
2878908.59020333 2114613.88639806 5283872.15977128
2986249.16151828 2339499.17008078 5130980.48894037
4229082.99696582 2632269.91863042 3987971.0730661
2897532.39881992 2245775.06107177 5221737.27641308
2958710.74249067 2355573.33202883 5140329.9001065
3266760.74639308 2798963.73342261 4715423.68970714
3098819.22101344 2580831.08636792 4945918.78099698
3556669.8534865 2970885.54036683 4372728.40710564
2859601.34313451 2146503.15554608 5276352.28392438
2988780.85828451 2399522.2255588 5101685.19589855
3530860.01423663 2839594.64589359 4493389.98788737
3571287.58353811 2862881.01810899 4442064.98830598
2959987.32134825 2331539.80050887 5150542.07616292
2830897.14743201 2166420.54956866 5280367.82270591
3087278.64538529 2557651.49865707 4965160.20279197
3513045.0226652 2836087.55373048 4510078.54904173
3096319.88357244 2341898.24312695 5063440.77462518
3149963.77093111 2385930.67603156 5009489.82616813
3177243.26457791 1429909.81992047 5346966.40660602
